<?xml version="1.0" encoding="UTF-8"?>
<!-- Generated by org.testng.reporters.JUnitXMLReporter -->
<testsuite hostname="INDEL-L-4B3JDM3" ignored="0" name=" [BS-01]  Create_Test_Plan" tests="1" failures="0" timestamp="2022-06-23T17:11:49 IST" time="0.001" errors="0">
  <testcase name="@BeforeSuite checkSuiteSkip" time="0.001" classname="nsf.ecap.Test_Plan_suite.TestSuiteBase_Test_Plan_suite">
    <skipped/>
  </testcase> <!-- @BeforeSuite checkSuiteSkip -->
  <testcase name="@BeforeTest checkTestSkip" time="-1.655984509395E9" classname="nsf.ecap.Test_Plan_suite.Create_Test_Plan">
    <skipped/>
  </testcase> <!-- @BeforeTest checkTestSkip -->
  <testcase name="@AfterMethod reportDataSetResult" time="-1.655984509396E9" classname="nsf.ecap.Test_Plan_suite.Create_Test_Plan">
    <skipped/>
  </testcase> <!-- @AfterMethod reportDataSetResult -->
  <testcase name="@AfterTest reportTestResult" time="-1.655984509396E9" classname="nsf.ecap.Test_Plan_suite.Create_Test_Plan">
    <skipped/>
  </testcase> <!-- @AfterTest reportTestResult -->
  <testcase name="CreateTestPlanFlow" time="0.0" classname="nsf.ecap.Test_Plan_suite.Create_Test_Plan">
    <skipped/>
  </testcase> <!-- CreateTestPlanFlow -->
</testsuite> <!--  [BS-01]  Create_Test_Plan -->
