<?xml version="1.0" encoding="UTF-8"?>
<!-- Generated by org.testng.reporters.JUnitXMLReporter -->
<testsuite hostname="INDEL-L-4B3JDM3" ignored="0" name="[BS-16]  Modbrack_Not_Certified" tests="15" failures="0" timestamp="2022-07-25T13:48:22 IST" time="0.004" errors="0">
  <testcase name="@BeforeSuite checkSuiteSkip" time="0.002" classname="nsf.ecap.Work_Order_suite.TestSuiteBase">
    <skipped/>
  </testcase> <!-- @BeforeSuite checkSuiteSkip -->
  <testcase name="@BeforeTest checkTestSkip" time="-1.658737102699E9" classname="nsf.ecap.Work_Order_suite.Modbrack_Not_Certified">
    <skipped/>
  </testcase> <!-- @BeforeTest checkTestSkip -->
  <testcase name="@AfterTest reportTestResult" time="-1.658737102703E9" classname="nsf.ecap.Work_Order_suite.Modbrack_Not_Certified">
    <skipped/>
  </testcase> <!-- @AfterTest reportTestResult -->
  <testcase name="CreateWOFlow" time="0.0" classname="nsf.ecap.Work_Order_suite.Modbrack_Not_Certified">
    <skipped/>
  </testcase> <!-- CreateWOFlow -->
  <testcase name="AddingData__Facility_Tab" time="0.0" classname="nsf.ecap.Work_Order_suite.Modbrack_Not_Certified">
    <skipped/>
  </testcase> <!-- AddingData__Facility_Tab -->
  <testcase name="AddingData__Tasks_Tab" time="0.0" classname="nsf.ecap.Work_Order_suite.Modbrack_Not_Certified">
    <skipped/>
  </testcase> <!-- AddingData__Tasks_Tab -->
  <testcase name="AddingData__Products_Tab" time="0.0" classname="nsf.ecap.Work_Order_suite.Modbrack_Not_Certified">
    <skipped/>
  </testcase> <!-- AddingData__Products_Tab -->
  <testcase name="AddingData__Financials_Tab" time="0.0" classname="nsf.ecap.Work_Order_suite.Modbrack_Not_Certified">
    <skipped/>
  </testcase> <!-- AddingData__Financials_Tab -->
  <testcase name="Verifying__DRAFT_INREVIEW_ModBrack" time="0.0" classname="nsf.ecap.Work_Order_suite.Modbrack_Not_Certified">
    <skipped/>
  </testcase> <!-- Verifying__DRAFT_INREVIEW_ModBrack -->
  <testcase name="Client_Quote_Task" time="0.0" classname="nsf.ecap.Work_Order_suite.Modbrack_Not_Certified">
    <skipped/>
  </testcase> <!-- Client_Quote_Task -->
  <testcase name="Mod_Brack_Review_Task" time="0.0" classname="nsf.ecap.Work_Order_suite.Modbrack_Not_Certified">
    <skipped/>
  </testcase> <!-- Mod_Brack_Review_Task -->
  <testcase name="Supplier_Forms_task" time="0.0" classname="nsf.ecap.Work_Order_suite.Modbrack_Not_Certified">
    <skipped/>
  </testcase> <!-- Supplier_Forms_task -->
  <testcase name="ModBrack_Revision_Execution_Quote" time="0.0" classname="nsf.ecap.Work_Order_suite.Modbrack_Not_Certified">
    <skipped/>
  </testcase> <!-- ModBrack_Revision_Execution_Quote -->
  <testcase name="RestartBrowserNLogin1" time="0.0" classname="nsf.ecap.Work_Order_suite.Modbrack_Not_Certified">
    <skipped/>
  </testcase> <!-- RestartBrowserNLogin1 -->
  <testcase name="ModBrack_Lite_Eval" time="0.0" classname="nsf.ecap.Work_Order_suite.Modbrack_Not_Certified">
    <skipped/>
  </testcase> <!-- ModBrack_Lite_Eval -->
  <testcase name="ModBrack_Phy_Eval" time="0.0" classname="nsf.ecap.Work_Order_suite.Modbrack_Not_Certified">
    <skipped/>
  </testcase> <!-- ModBrack_Phy_Eval -->
  <testcase name="ModBrack_Certification_Decision_Task" time="0.0" classname="nsf.ecap.Work_Order_suite.Modbrack_Not_Certified">
    <skipped/>
  </testcase> <!-- ModBrack_Certification_Decision_Task -->
  <testcase name="CLEANUP_WO_AUTOMATION_DATA" time="0.0" classname="nsf.ecap.Work_Order_suite.Modbrack_Not_Certified">
    <skipped/>
  </testcase> <!-- CLEANUP_WO_AUTOMATION_DATA -->
</testsuite> <!-- [BS-16]  Modbrack_Not_Certified -->
