<?xml version="1.0" encoding="UTF-8"?>
<!-- Generated by org.testng.reporters.JUnitXMLReporter -->
<testsuite hostname="INDEL-L-4B3JDM3" ignored="0" name="[BS-10]  Create Issue FBY" tests="29" failures="0" timestamp="2022-07-25T13:48:44 IST" time="0.006" errors="0">
  <testcase name="@BeforeTest checkTestSkip" time="-1.658737124429E9" classname="nsf.ecap.IssueMgt_Suite.CreateIssue_FBY">
    <skipped/>
  </testcase> <!-- @BeforeTest checkTestSkip -->
  <testcase name="@BeforeClass OracleQueryLaunch_ToClosed_OpenIssues_and_InActiveAlerts" time="-1.65873712443E9" classname="nsf.ecap.IssueMgt_Suite.CreateIssue_FBY">
    <skipped/>
  </testcase> <!-- @BeforeClass OracleQueryLaunch_ToClosed_OpenIssues_and_InActiveAlerts -->
  <testcase name="@AfterTest Test_success" time="-1.658737124435E9" classname="nsf.ecap.IssueMgt_Suite.CreateIssue_FBY">
    <skipped/>
  </testcase> <!-- @AfterTest Test_success -->
  <testcase name="@AfterTest reportTestResult" time="-1.658737124435E9" classname="nsf.ecap.IssueMgt_Suite.CreateIssue_FBY">
    <skipped/>
  </testcase> <!-- @AfterTest reportTestResult -->
  <testcase name="Launch_Browser_and_Successfully_Login_into_the_Application" time="0.0" classname="nsf.ecap.IssueMgt_Suite.CreateIssue_FBY">
    <skipped/>
  </testcase> <!-- Launch_Browser_and_Successfully_Login_into_the_Application -->
  <testcase name="FBY_CreateIssue" time="0.0" classname="nsf.ecap.IssueMgt_Suite.CreateIssue_FBY">
    <skipped/>
  </testcase> <!-- FBY_CreateIssue -->
  <testcase name="Check_Alert_FoodIssuesUnassigned" time="0.0" classname="nsf.ecap.IssueMgt_Suite.CreateIssue_FBY">
    <skipped/>
  </testcase> <!-- Check_Alert_FoodIssuesUnassigned -->
  <testcase name="Summary_Details_Updated" time="0.0" classname="nsf.ecap.IssueMgt_Suite.CreateIssue_FBY">
    <skipped/>
  </testcase> <!-- Summary_Details_Updated -->
  <testcase name="Check_Alert_IssuesAssignedToMeAsAdmin" time="0.0" classname="nsf.ecap.IssueMgt_Suite.CreateIssue_FBY">
    <skipped/>
  </testcase> <!-- Check_Alert_IssuesAssignedToMeAsAdmin -->
  <testcase name="Check_Alert_IssuesAssignedToMeAsTechnologist" time="0.0" classname="nsf.ecap.IssueMgt_Suite.CreateIssue_FBY">
    <skipped/>
  </testcase> <!-- Check_Alert_IssuesAssignedToMeAsTechnologist -->
  <testcase name="Check_alert_IssuesAssignedToMeAwaitingTechnologistAction" time="0.0" classname="nsf.ecap.IssueMgt_Suite.CreateIssue_FBY">
    <skipped/>
  </testcase> <!-- Check_alert_IssuesAssignedToMeAwaitingTechnologistAction -->
  <testcase name="Change_status_InitialRecord_to_AwaitingForeignBody" time="0.0" classname="nsf.ecap.IssueMgt_Suite.CreateIssue_FBY">
    <skipped/>
  </testcase> <!-- Change_status_InitialRecord_to_AwaitingForeignBody -->
  <testcase name="AwaitingForeignBody_Check_Alert_IssuesAssignedToMeAsAdmin" time="0.0" classname="nsf.ecap.IssueMgt_Suite.CreateIssue_FBY">
    <skipped/>
  </testcase> <!-- AwaitingForeignBody_Check_Alert_IssuesAssignedToMeAsAdmin -->
  <testcase name="AwaitingForeignBody_Check_Alert_IssuesAssignedtoMeAsTechnologist" time="0.0" classname="nsf.ecap.IssueMgt_Suite.CreateIssue_FBY">
    <skipped/>
  </testcase> <!-- AwaitingForeignBody_Check_Alert_IssuesAssignedtoMeAsTechnologist -->
  <testcase name="AwaitingForeignBody_Check_Alert_IssuesAssignedToMeAwaitingClientAction" time="0.0" classname="nsf.ecap.IssueMgt_Suite.CreateIssue_FBY">
    <skipped/>
  </testcase> <!-- AwaitingForeignBody_Check_Alert_IssuesAssignedToMeAwaitingClientAction -->
  <testcase name="Change_Status_AwaitingForeignBody_TO_InitialRecord" time="0.0" classname="nsf.ecap.IssueMgt_Suite.CreateIssue_FBY">
    <skipped/>
  </testcase> <!-- Change_Status_AwaitingForeignBody_TO_InitialRecord -->
  <testcase name="InitialRecord_Check_Alert_IssuesAssignedToMeAsAdmin" time="0.0" classname="nsf.ecap.IssueMgt_Suite.CreateIssue_FBY">
    <skipped/>
  </testcase> <!-- InitialRecord_Check_Alert_IssuesAssignedToMeAsAdmin -->
  <testcase name="InitialRecord_Check_Alert_IssuesAssignedToMeAsTechnologist" time="0.0" classname="nsf.ecap.IssueMgt_Suite.CreateIssue_FBY">
    <skipped/>
  </testcase> <!-- InitialRecord_Check_Alert_IssuesAssignedToMeAsTechnologist -->
  <testcase name="InitialRecord_Check_Alert_IssuesAssignedToMeAwaitingTechnologistAction" time="0.0" classname="nsf.ecap.IssueMgt_Suite.CreateIssue_FBY">
    <skipped/>
  </testcase> <!-- InitialRecord_Check_Alert_IssuesAssignedToMeAwaitingTechnologistAction -->
  <testcase name="Change_status_InitialRecord_to_DetailsSentToSupplier" time="0.0" classname="nsf.ecap.IssueMgt_Suite.CreateIssue_FBY">
    <skipped/>
  </testcase> <!-- Change_status_InitialRecord_to_DetailsSentToSupplier -->
  <testcase name="DetailsSentToSupplier_Check_Alert_IssuesAssignedToMeAsAdmin" time="0.0" classname="nsf.ecap.IssueMgt_Suite.CreateIssue_FBY">
    <skipped/>
  </testcase> <!-- DetailsSentToSupplier_Check_Alert_IssuesAssignedToMeAsAdmin -->
  <testcase name="DetailsSentToSupplier_Check_Alert_IssuesAssignedtoMeAsTechnologist" time="0.0" classname="nsf.ecap.IssueMgt_Suite.CreateIssue_FBY">
    <skipped/>
  </testcase> <!-- DetailsSentToSupplier_Check_Alert_IssuesAssignedtoMeAsTechnologist -->
  <testcase name="DetailsSentToSupplier_Check_Alert_IssuesAssignedToMeAwaitingSupplierDistributorAction" time="0.0" classname="nsf.ecap.IssueMgt_Suite.CreateIssue_FBY">
    <skipped/>
  </testcase> <!-- DetailsSentToSupplier_Check_Alert_IssuesAssignedToMeAwaitingSupplierDistributorAction -->
  <testcase name="Change_status_DetailsSentToSupplier_to_IssueResponse" time="0.0" classname="nsf.ecap.IssueMgt_Suite.CreateIssue_FBY">
    <skipped/>
  </testcase> <!-- Change_status_DetailsSentToSupplier_to_IssueResponse -->
  <testcase name="IssueResponse_Check_Alert_IssuesAssignedToMeAsAdmin" time="0.0" classname="nsf.ecap.IssueMgt_Suite.CreateIssue_FBY">
    <skipped/>
  </testcase> <!-- IssueResponse_Check_Alert_IssuesAssignedToMeAsAdmin -->
  <testcase name="IssueResponse_Check_Alert_IssuesAssignedtoMeAsTechnologist" time="0.0" classname="nsf.ecap.IssueMgt_Suite.CreateIssue_FBY">
    <skipped/>
  </testcase> <!-- IssueResponse_Check_Alert_IssuesAssignedtoMeAsTechnologist -->
  <testcase name="IssueResponse_Check_Alert_IssuesAssignedToMeAwaitingTechnologistAction" time="0.0" classname="nsf.ecap.IssueMgt_Suite.CreateIssue_FBY">
    <skipped/>
  </testcase> <!-- IssueResponse_Check_Alert_IssuesAssignedToMeAwaitingTechnologistAction -->
  <testcase name="Change_status_IssueResponse_to_TechnologistApprovedToClose" time="0.0" classname="nsf.ecap.IssueMgt_Suite.CreateIssue_FBY">
    <skipped/>
  </testcase> <!-- Change_status_IssueResponse_to_TechnologistApprovedToClose -->
  <testcase name="TechnologistApprovedToClose_Check_Alert_IssuesAssignedToMeAsAdmin" time="0.0" classname="nsf.ecap.IssueMgt_Suite.CreateIssue_FBY">
    <skipped/>
  </testcase> <!-- TechnologistApprovedToClose_Check_Alert_IssuesAssignedToMeAsAdmin -->
  <testcase name="TechnologistApprovedToClose_Check_Alert_IssuesAssignedtoMeAsTechnologist" time="0.0" classname="nsf.ecap.IssueMgt_Suite.CreateIssue_FBY">
    <skipped/>
  </testcase> <!-- TechnologistApprovedToClose_Check_Alert_IssuesAssignedtoMeAsTechnologist -->
  <testcase name="TechnologistApprovedToClose_Check_Alert_IssuesAssignedToMeAwaitingAdminAction" time="0.0" classname="nsf.ecap.IssueMgt_Suite.CreateIssue_FBY">
    <skipped/>
  </testcase> <!-- TechnologistApprovedToClose_Check_Alert_IssuesAssignedToMeAwaitingAdminAction -->
  <testcase name="Change_status_TechnologistApprovedToClose_to_SatisfactoryClosure" time="0.0" classname="nsf.ecap.IssueMgt_Suite.CreateIssue_FBY">
    <skipped/>
  </testcase> <!-- Change_status_TechnologistApprovedToClose_to_SatisfactoryClosure -->
  <testcase name="SatisfactoryClosure_Check_IssueID_Not_Present_In_Alerts_After_Issue_Closed" time="0.0" classname="nsf.ecap.IssueMgt_Suite.CreateIssue_FBY">
    <skipped/>
  </testcase> <!-- SatisfactoryClosure_Check_IssueID_Not_Present_In_Alerts_After_Issue_Closed -->
</testsuite> <!-- [BS-10]  Create Issue FBY -->
