<?xml version="1.0" encoding="UTF-8"?>
<!-- Generated by org.testng.reporters.JUnitXMLReporter -->
<testsuite hostname="INDEL-L-4B3JDM3" ignored="0" name="[BS-05]  AH2_scheme" tests="1" failures="0" timestamp="2022-07-25T13:48:34 IST" time="0.001" errors="0">
  <testcase name="@BeforeSuite checkSuiteSkip" time="0.001" classname="nsf.ecap.Agriculture_suite.TestSuiteBase_Agriculture_suite">
    <skipped/>
  </testcase> <!-- @BeforeSuite checkSuiteSkip -->
  <testcase name="@BeforeTest checkTestSkip" time="-1.658737114334E9" classname="nsf.ecap.Agriculture_suite.AH2_scheme">
    <skipped/>
  </testcase> <!-- @BeforeTest checkTestSkip -->
  <testcase name="@AfterTest reportTestResult" time="-1.658737114335E9" classname="nsf.ecap.Agriculture_suite.AH2_scheme">
    <skipped/>
  </testcase> <!-- @AfterTest reportTestResult -->
  <testcase name="Create" time="0.0" classname="nsf.ecap.Agriculture_suite.AH2_scheme">
    <skipped/>
  </testcase> <!-- Create -->
</testsuite> <!-- [BS-05]  AH2_scheme -->
