<?xml version="1.0" encoding="UTF-8"?>
<!-- Generated by org.testng.reporters.JUnitXMLReporter -->
<testsuite hostname="INDEL-L-4B3JDM3" ignored="0" name="[BS-03]  Create_Membership_With_Option2" tests="1" failures="0" timestamp="2022-07-25T13:48:34 IST" time="0.001" errors="0">
  <testcase name="@BeforeTest checkTestSkip" time="-1.658737114325E9" classname="nsf.ecap.Agriculture_suite.Create_Membership_With_Option2">
    <skipped/>
  </testcase> <!-- @BeforeTest checkTestSkip -->
  <testcase name="@AfterTest reportTestResult" time="-1.658737114326E9" classname="nsf.ecap.Agriculture_suite.Create_Membership_With_Option2">
    <skipped/>
  </testcase> <!-- @AfterTest reportTestResult -->
  <testcase name="Create" time="0.0" classname="nsf.ecap.Agriculture_suite.Create_Membership_With_Option2">
    <skipped/>
  </testcase> <!-- Create -->
</testsuite> <!-- [BS-03]  Create_Membership_With_Option2 -->
