<?xml version="1.0" encoding="UTF-8"?>
<!-- Generated by org.testng.reporters.JUnitXMLReporter -->
<testsuite hostname="INDEL-L-4B3JDM3" ignored="8" name="[BS-02]  Certification_Autotest" tests="3" failures="0" timestamp="2022-07-25T13:48:34 IST" time="0.001" errors="0">
  <testcase name="@BeforeTest checkTestSkip" time="-1.658737114312E9" classname="nsf.ecap.Agriculture_suite.Certification_Autotest">
    <skipped/>
  </testcase> <!-- @BeforeTest checkTestSkip -->
  <testcase name="@AfterTest reportTestResult" time="-1.658737114312E9" classname="nsf.ecap.Agriculture_suite.Certification_Autotest">
    <skipped/>
  </testcase> <!-- @AfterTest reportTestResult -->
  <testcase name="Create_Membership" time="0.0" classname="nsf.ecap.Agriculture_suite.Certification_Autotest">
    <skipped/>
  </testcase> <!-- Create_Membership -->
  <testcase name="Complete_Technical_Review_Option1_Single_Site" time="0.0" classname="nsf.ecap.Agriculture_suite.Certification_Autotest">
    <skipped/>
  </testcase> <!-- Complete_Technical_Review_Option1_Single_Site -->
  <testcase name="Certification" time="0.0" classname="nsf.ecap.Agriculture_suite.Certification_Autotest">
    <skipped/>
  </testcase> <!-- Certification -->
  <testcase name="Products_Coverage_Tab" time="0.0" classname="nsf.ecap.Agriculture_suite.Certification_Autotest">
    <ignored/>
  </testcase> <!-- Products_Coverage_Tab -->
  <testcase name="Contacts_Tab" time="0.0" classname="nsf.ecap.Agriculture_suite.Certification_Autotest">
    <ignored/>
  </testcase> <!-- Contacts_Tab -->
  <testcase name="Sites_Tab" time="0.0" classname="nsf.ecap.Agriculture_suite.Certification_Autotest">
    <ignored/>
  </testcase> <!-- Sites_Tab -->
  <testcase name="Equipment_Tab" time="0.0" classname="nsf.ecap.Agriculture_suite.Certification_Autotest">
    <ignored/>
  </testcase> <!-- Equipment_Tab -->
  <testcase name="Additional_Info_Tab" time="0.0" classname="nsf.ecap.Agriculture_suite.Certification_Autotest">
    <ignored/>
  </testcase> <!-- Additional_Info_Tab -->
  <testcase name="Services_Tab" time="0.0" classname="nsf.ecap.Agriculture_suite.Certification_Autotest">
    <ignored/>
  </testcase> <!-- Services_Tab -->
  <testcase name="Create" time="0.0" classname="nsf.ecap.Agriculture_suite.Certification_Autotest">
    <ignored/>
  </testcase> <!-- Create -->
  <testcase name="Membership_Submission" time="0.0" classname="nsf.ecap.Agriculture_suite.Certification_Autotest">
    <ignored/>
  </testcase> <!-- Membership_Submission -->
</testsuite> <!-- [BS-02]  Certification_Autotest -->
