<?xml version="1.0" encoding="UTF-8"?>
<!-- Generated by org.testng.reporters.JUnitXMLReporter -->
<testsuite hostname="INDEL-L-4B3JDM3" ignored="0" name=" [BS-02]  Non_Cert_Standards" tests="132" failures="0" timestamp="2022-06-23T17:11:42 IST" time="0.121" errors="0">
  <testcase name="@BeforeSuite checkSuiteSkip" time="0.001" classname="nsf.ecap.SCFS_suite.TestSuiteBase_SCFS_suite">
    <skipped/>
  </testcase> <!-- @BeforeSuite checkSuiteSkip -->
  <testcase name="@BeforeTest checkTestSkip" time="-1.655984502378E9" classname="nsf.ecap.SCFS_suite.Non_Cert_Standards">
    <skipped/>
  </testcase> <!-- @BeforeTest checkTestSkip -->
  <testcase name="@AfterMethod reportDataSetResult" time="-1.655984502434E9" classname="nsf.ecap.SCFS_suite.Non_Cert_Standards">
    <skipped/>
  </testcase> <!-- @AfterMethod reportDataSetResult -->
  <testcase name="@AfterMethod reportDataSetResult" time="-1.655984502435E9" classname="nsf.ecap.SCFS_suite.Non_Cert_Standards">
    <skipped/>
  </testcase> <!-- @AfterMethod reportDataSetResult -->
  <testcase name="@AfterMethod reportDataSetResult" time="-1.655984502436E9" classname="nsf.ecap.SCFS_suite.Non_Cert_Standards">
    <skipped/>
  </testcase> <!-- @AfterMethod reportDataSetResult -->
  <testcase name="@AfterMethod reportDataSetResult" time="-1.655984502437E9" classname="nsf.ecap.SCFS_suite.Non_Cert_Standards">
    <skipped/>
  </testcase> <!-- @AfterMethod reportDataSetResult -->
  <testcase name="@AfterMethod reportDataSetResult" time="-1.655984502437E9" classname="nsf.ecap.SCFS_suite.Non_Cert_Standards">
    <skipped/>
  </testcase> <!-- @AfterMethod reportDataSetResult -->
  <testcase name="@AfterMethod reportDataSetResult" time="-1.655984502438E9" classname="nsf.ecap.SCFS_suite.Non_Cert_Standards">
    <skipped/>
  </testcase> <!-- @AfterMethod reportDataSetResult -->
  <testcase name="@AfterMethod reportDataSetResult" time="-1.655984502439E9" classname="nsf.ecap.SCFS_suite.Non_Cert_Standards">
    <skipped/>
  </testcase> <!-- @AfterMethod reportDataSetResult -->
  <testcase name="@AfterMethod reportDataSetResult" time="-1.655984502439E9" classname="nsf.ecap.SCFS_suite.Non_Cert_Standards">
    <skipped/>
  </testcase> <!-- @AfterMethod reportDataSetResult -->
  <testcase name="@AfterMethod reportDataSetResult" time="-1.65598450244E9" classname="nsf.ecap.SCFS_suite.Non_Cert_Standards">
    <skipped/>
  </testcase> <!-- @AfterMethod reportDataSetResult -->
  <testcase name="@AfterMethod reportDataSetResult" time="-1.655984502441E9" classname="nsf.ecap.SCFS_suite.Non_Cert_Standards">
    <skipped/>
  </testcase> <!-- @AfterMethod reportDataSetResult -->
  <testcase name="@AfterMethod reportDataSetResult" time="-1.655984502442E9" classname="nsf.ecap.SCFS_suite.Non_Cert_Standards">
    <skipped/>
  </testcase> <!-- @AfterMethod reportDataSetResult -->
  <testcase name="@AfterMethod reportDataSetResult" time="-1.655984502443E9" classname="nsf.ecap.SCFS_suite.Non_Cert_Standards">
    <skipped/>
  </testcase> <!-- @AfterMethod reportDataSetResult -->
  <testcase name="@AfterMethod reportDataSetResult" time="-1.655984502444E9" classname="nsf.ecap.SCFS_suite.Non_Cert_Standards">
    <skipped/>
  </testcase> <!-- @AfterMethod reportDataSetResult -->
  <testcase name="@AfterMethod reportDataSetResult" time="-1.655984502444E9" classname="nsf.ecap.SCFS_suite.Non_Cert_Standards">
    <skipped/>
  </testcase> <!-- @AfterMethod reportDataSetResult -->
  <testcase name="@AfterMethod reportDataSetResult" time="-1.655984502445E9" classname="nsf.ecap.SCFS_suite.Non_Cert_Standards">
    <skipped/>
  </testcase> <!-- @AfterMethod reportDataSetResult -->
  <testcase name="@AfterMethod reportDataSetResult" time="-1.655984502446E9" classname="nsf.ecap.SCFS_suite.Non_Cert_Standards">
    <skipped/>
  </testcase> <!-- @AfterMethod reportDataSetResult -->
  <testcase name="@AfterMethod reportDataSetResult" time="-1.655984502446E9" classname="nsf.ecap.SCFS_suite.Non_Cert_Standards">
    <skipped/>
  </testcase> <!-- @AfterMethod reportDataSetResult -->
  <testcase name="@AfterMethod reportDataSetResult" time="-1.655984502446E9" classname="nsf.ecap.SCFS_suite.Non_Cert_Standards">
    <skipped/>
  </testcase> <!-- @AfterMethod reportDataSetResult -->
  <testcase name="@AfterMethod reportDataSetResult" time="-1.655984502448E9" classname="nsf.ecap.SCFS_suite.Non_Cert_Standards">
    <skipped/>
  </testcase> <!-- @AfterMethod reportDataSetResult -->
  <testcase name="@AfterMethod reportDataSetResult" time="-1.655984502449E9" classname="nsf.ecap.SCFS_suite.Non_Cert_Standards">
    <skipped/>
  </testcase> <!-- @AfterMethod reportDataSetResult -->
  <testcase name="@AfterMethod reportDataSetResult" time="-1.655984502449E9" classname="nsf.ecap.SCFS_suite.Non_Cert_Standards">
    <skipped/>
  </testcase> <!-- @AfterMethod reportDataSetResult -->
  <testcase name="@AfterMethod reportDataSetResult" time="-1.655984502449E9" classname="nsf.ecap.SCFS_suite.Non_Cert_Standards">
    <skipped/>
  </testcase> <!-- @AfterMethod reportDataSetResult -->
  <testcase name="@AfterMethod reportDataSetResult" time="-1.65598450245E9" classname="nsf.ecap.SCFS_suite.Non_Cert_Standards">
    <skipped/>
  </testcase> <!-- @AfterMethod reportDataSetResult -->
  <testcase name="@AfterMethod reportDataSetResult" time="-1.65598450245E9" classname="nsf.ecap.SCFS_suite.Non_Cert_Standards">
    <skipped/>
  </testcase> <!-- @AfterMethod reportDataSetResult -->
  <testcase name="@AfterMethod reportDataSetResult" time="-1.655984502451E9" classname="nsf.ecap.SCFS_suite.Non_Cert_Standards">
    <skipped/>
  </testcase> <!-- @AfterMethod reportDataSetResult -->
  <testcase name="@AfterMethod reportDataSetResult" time="-1.655984502451E9" classname="nsf.ecap.SCFS_suite.Non_Cert_Standards">
    <skipped/>
  </testcase> <!-- @AfterMethod reportDataSetResult -->
  <testcase name="@AfterMethod reportDataSetResult" time="-1.655984502451E9" classname="nsf.ecap.SCFS_suite.Non_Cert_Standards">
    <skipped/>
  </testcase> <!-- @AfterMethod reportDataSetResult -->
  <testcase name="@AfterMethod reportDataSetResult" time="-1.655984502452E9" classname="nsf.ecap.SCFS_suite.Non_Cert_Standards">
    <skipped/>
  </testcase> <!-- @AfterMethod reportDataSetResult -->
  <testcase name="@AfterMethod reportDataSetResult" time="-1.655984502452E9" classname="nsf.ecap.SCFS_suite.Non_Cert_Standards">
    <skipped/>
  </testcase> <!-- @AfterMethod reportDataSetResult -->
  <testcase name="@AfterMethod reportDataSetResult" time="-1.655984502452E9" classname="nsf.ecap.SCFS_suite.Non_Cert_Standards">
    <skipped/>
  </testcase> <!-- @AfterMethod reportDataSetResult -->
  <testcase name="@AfterMethod reportDataSetResult" time="-1.655984502453E9" classname="nsf.ecap.SCFS_suite.Non_Cert_Standards">
    <skipped/>
  </testcase> <!-- @AfterMethod reportDataSetResult -->
  <testcase name="@AfterMethod reportDataSetResult" time="-1.655984502453E9" classname="nsf.ecap.SCFS_suite.Non_Cert_Standards">
    <skipped/>
  </testcase> <!-- @AfterMethod reportDataSetResult -->
  <testcase name="@AfterMethod reportDataSetResult" time="-1.655984502454E9" classname="nsf.ecap.SCFS_suite.Non_Cert_Standards">
    <skipped/>
  </testcase> <!-- @AfterMethod reportDataSetResult -->
  <testcase name="@AfterMethod reportDataSetResult" time="-1.655984502455E9" classname="nsf.ecap.SCFS_suite.Non_Cert_Standards">
    <skipped/>
  </testcase> <!-- @AfterMethod reportDataSetResult -->
  <testcase name="@AfterMethod reportDataSetResult" time="-1.655984502455E9" classname="nsf.ecap.SCFS_suite.Non_Cert_Standards">
    <skipped/>
  </testcase> <!-- @AfterMethod reportDataSetResult -->
  <testcase name="@AfterMethod reportDataSetResult" time="-1.655984502456E9" classname="nsf.ecap.SCFS_suite.Non_Cert_Standards">
    <skipped/>
  </testcase> <!-- @AfterMethod reportDataSetResult -->
  <testcase name="@AfterMethod reportDataSetResult" time="-1.655984502456E9" classname="nsf.ecap.SCFS_suite.Non_Cert_Standards">
    <skipped/>
  </testcase> <!-- @AfterMethod reportDataSetResult -->
  <testcase name="@AfterMethod reportDataSetResult" time="-1.655984502457E9" classname="nsf.ecap.SCFS_suite.Non_Cert_Standards">
    <skipped/>
  </testcase> <!-- @AfterMethod reportDataSetResult -->
  <testcase name="@AfterMethod reportDataSetResult" time="-1.655984502458E9" classname="nsf.ecap.SCFS_suite.Non_Cert_Standards">
    <skipped/>
  </testcase> <!-- @AfterMethod reportDataSetResult -->
  <testcase name="@AfterMethod reportDataSetResult" time="-1.655984502458E9" classname="nsf.ecap.SCFS_suite.Non_Cert_Standards">
    <skipped/>
  </testcase> <!-- @AfterMethod reportDataSetResult -->
  <testcase name="@AfterMethod reportDataSetResult" time="-1.655984502459E9" classname="nsf.ecap.SCFS_suite.Non_Cert_Standards">
    <skipped/>
  </testcase> <!-- @AfterMethod reportDataSetResult -->
  <testcase name="@AfterMethod reportDataSetResult" time="-1.655984502459E9" classname="nsf.ecap.SCFS_suite.Non_Cert_Standards">
    <skipped/>
  </testcase> <!-- @AfterMethod reportDataSetResult -->
  <testcase name="@AfterMethod reportDataSetResult" time="-1.655984502459E9" classname="nsf.ecap.SCFS_suite.Non_Cert_Standards">
    <skipped/>
  </testcase> <!-- @AfterMethod reportDataSetResult -->
  <testcase name="@AfterMethod reportDataSetResult" time="-1.65598450246E9" classname="nsf.ecap.SCFS_suite.Non_Cert_Standards">
    <skipped/>
  </testcase> <!-- @AfterMethod reportDataSetResult -->
  <testcase name="@AfterMethod reportDataSetResult" time="-1.65598450246E9" classname="nsf.ecap.SCFS_suite.Non_Cert_Standards">
    <skipped/>
  </testcase> <!-- @AfterMethod reportDataSetResult -->
  <testcase name="@AfterMethod reportDataSetResult" time="-1.65598450246E9" classname="nsf.ecap.SCFS_suite.Non_Cert_Standards">
    <skipped/>
  </testcase> <!-- @AfterMethod reportDataSetResult -->
  <testcase name="@AfterMethod reportDataSetResult" time="-1.655984502461E9" classname="nsf.ecap.SCFS_suite.Non_Cert_Standards">
    <skipped/>
  </testcase> <!-- @AfterMethod reportDataSetResult -->
  <testcase name="@AfterMethod reportDataSetResult" time="-1.655984502461E9" classname="nsf.ecap.SCFS_suite.Non_Cert_Standards">
    <skipped/>
  </testcase> <!-- @AfterMethod reportDataSetResult -->
  <testcase name="@AfterMethod reportDataSetResult" time="-1.655984502462E9" classname="nsf.ecap.SCFS_suite.Non_Cert_Standards">
    <skipped/>
  </testcase> <!-- @AfterMethod reportDataSetResult -->
  <testcase name="@AfterMethod reportDataSetResult" time="-1.655984502462E9" classname="nsf.ecap.SCFS_suite.Non_Cert_Standards">
    <skipped/>
  </testcase> <!-- @AfterMethod reportDataSetResult -->
  <testcase name="@AfterMethod reportDataSetResult" time="-1.655984502462E9" classname="nsf.ecap.SCFS_suite.Non_Cert_Standards">
    <skipped/>
  </testcase> <!-- @AfterMethod reportDataSetResult -->
  <testcase name="@AfterMethod reportDataSetResult" time="-1.655984502464E9" classname="nsf.ecap.SCFS_suite.Non_Cert_Standards">
    <skipped/>
  </testcase> <!-- @AfterMethod reportDataSetResult -->
  <testcase name="@AfterMethod reportDataSetResult" time="-1.655984502464E9" classname="nsf.ecap.SCFS_suite.Non_Cert_Standards">
    <skipped/>
  </testcase> <!-- @AfterMethod reportDataSetResult -->
  <testcase name="@AfterMethod reportDataSetResult" time="-1.655984502464E9" classname="nsf.ecap.SCFS_suite.Non_Cert_Standards">
    <skipped/>
  </testcase> <!-- @AfterMethod reportDataSetResult -->
  <testcase name="@AfterMethod reportDataSetResult" time="-1.655984502465E9" classname="nsf.ecap.SCFS_suite.Non_Cert_Standards">
    <skipped/>
  </testcase> <!-- @AfterMethod reportDataSetResult -->
  <testcase name="@AfterMethod reportDataSetResult" time="-1.655984502465E9" classname="nsf.ecap.SCFS_suite.Non_Cert_Standards">
    <skipped/>
  </testcase> <!-- @AfterMethod reportDataSetResult -->
  <testcase name="@AfterMethod reportDataSetResult" time="-1.655984502466E9" classname="nsf.ecap.SCFS_suite.Non_Cert_Standards">
    <skipped/>
  </testcase> <!-- @AfterMethod reportDataSetResult -->
  <testcase name="@AfterMethod reportDataSetResult" time="-1.655984502466E9" classname="nsf.ecap.SCFS_suite.Non_Cert_Standards">
    <skipped/>
  </testcase> <!-- @AfterMethod reportDataSetResult -->
  <testcase name="@AfterMethod reportDataSetResult" time="-1.655984502466E9" classname="nsf.ecap.SCFS_suite.Non_Cert_Standards">
    <skipped/>
  </testcase> <!-- @AfterMethod reportDataSetResult -->
  <testcase name="@AfterMethod reportDataSetResult" time="-1.655984502467E9" classname="nsf.ecap.SCFS_suite.Non_Cert_Standards">
    <skipped/>
  </testcase> <!-- @AfterMethod reportDataSetResult -->
  <testcase name="@AfterMethod reportDataSetResult" time="-1.655984502467E9" classname="nsf.ecap.SCFS_suite.Non_Cert_Standards">
    <skipped/>
  </testcase> <!-- @AfterMethod reportDataSetResult -->
  <testcase name="@AfterMethod reportDataSetResult" time="-1.655984502467E9" classname="nsf.ecap.SCFS_suite.Non_Cert_Standards">
    <skipped/>
  </testcase> <!-- @AfterMethod reportDataSetResult -->
  <testcase name="@AfterMethod reportDataSetResult" time="-1.655984502468E9" classname="nsf.ecap.SCFS_suite.Non_Cert_Standards">
    <skipped/>
  </testcase> <!-- @AfterMethod reportDataSetResult -->
  <testcase name="@AfterMethod reportDataSetResult" time="-1.655984502468E9" classname="nsf.ecap.SCFS_suite.Non_Cert_Standards">
    <skipped/>
  </testcase> <!-- @AfterMethod reportDataSetResult -->
  <testcase name="@AfterMethod reportDataSetResult" time="-1.655984502468E9" classname="nsf.ecap.SCFS_suite.Non_Cert_Standards">
    <skipped/>
  </testcase> <!-- @AfterMethod reportDataSetResult -->
  <testcase name="@AfterMethod reportDataSetResult" time="-1.655984502469E9" classname="nsf.ecap.SCFS_suite.Non_Cert_Standards">
    <skipped/>
  </testcase> <!-- @AfterMethod reportDataSetResult -->
  <testcase name="@AfterMethod reportDataSetResult" time="-1.655984502469E9" classname="nsf.ecap.SCFS_suite.Non_Cert_Standards">
    <skipped/>
  </testcase> <!-- @AfterMethod reportDataSetResult -->
  <testcase name="@AfterMethod reportDataSetResult" time="-1.655984502469E9" classname="nsf.ecap.SCFS_suite.Non_Cert_Standards">
    <skipped/>
  </testcase> <!-- @AfterMethod reportDataSetResult -->
  <testcase name="@AfterMethod reportDataSetResult" time="-1.65598450247E9" classname="nsf.ecap.SCFS_suite.Non_Cert_Standards">
    <skipped/>
  </testcase> <!-- @AfterMethod reportDataSetResult -->
  <testcase name="@AfterMethod reportDataSetResult" time="-1.65598450247E9" classname="nsf.ecap.SCFS_suite.Non_Cert_Standards">
    <skipped/>
  </testcase> <!-- @AfterMethod reportDataSetResult -->
  <testcase name="@AfterMethod reportDataSetResult" time="-1.65598450247E9" classname="nsf.ecap.SCFS_suite.Non_Cert_Standards">
    <skipped/>
  </testcase> <!-- @AfterMethod reportDataSetResult -->
  <testcase name="@AfterMethod reportDataSetResult" time="-1.655984502471E9" classname="nsf.ecap.SCFS_suite.Non_Cert_Standards">
    <skipped/>
  </testcase> <!-- @AfterMethod reportDataSetResult -->
  <testcase name="@AfterMethod reportDataSetResult" time="-1.655984502471E9" classname="nsf.ecap.SCFS_suite.Non_Cert_Standards">
    <skipped/>
  </testcase> <!-- @AfterMethod reportDataSetResult -->
  <testcase name="@AfterMethod reportDataSetResult" time="-1.655984502471E9" classname="nsf.ecap.SCFS_suite.Non_Cert_Standards">
    <skipped/>
  </testcase> <!-- @AfterMethod reportDataSetResult -->
  <testcase name="@AfterMethod reportDataSetResult" time="-1.655984502472E9" classname="nsf.ecap.SCFS_suite.Non_Cert_Standards">
    <skipped/>
  </testcase> <!-- @AfterMethod reportDataSetResult -->
  <testcase name="@AfterMethod reportDataSetResult" time="-1.655984502472E9" classname="nsf.ecap.SCFS_suite.Non_Cert_Standards">
    <skipped/>
  </testcase> <!-- @AfterMethod reportDataSetResult -->
  <testcase name="@AfterMethod reportDataSetResult" time="-1.655984502472E9" classname="nsf.ecap.SCFS_suite.Non_Cert_Standards">
    <skipped/>
  </testcase> <!-- @AfterMethod reportDataSetResult -->
  <testcase name="@AfterMethod reportDataSetResult" time="-1.655984502473E9" classname="nsf.ecap.SCFS_suite.Non_Cert_Standards">
    <skipped/>
  </testcase> <!-- @AfterMethod reportDataSetResult -->
  <testcase name="@AfterMethod reportDataSetResult" time="-1.655984502473E9" classname="nsf.ecap.SCFS_suite.Non_Cert_Standards">
    <skipped/>
  </testcase> <!-- @AfterMethod reportDataSetResult -->
  <testcase name="@AfterMethod reportDataSetResult" time="-1.655984502474E9" classname="nsf.ecap.SCFS_suite.Non_Cert_Standards">
    <skipped/>
  </testcase> <!-- @AfterMethod reportDataSetResult -->
  <testcase name="@AfterMethod reportDataSetResult" time="-1.655984502474E9" classname="nsf.ecap.SCFS_suite.Non_Cert_Standards">
    <skipped/>
  </testcase> <!-- @AfterMethod reportDataSetResult -->
  <testcase name="@AfterMethod reportDataSetResult" time="-1.655984502475E9" classname="nsf.ecap.SCFS_suite.Non_Cert_Standards">
    <skipped/>
  </testcase> <!-- @AfterMethod reportDataSetResult -->
  <testcase name="@AfterMethod reportDataSetResult" time="-1.655984502475E9" classname="nsf.ecap.SCFS_suite.Non_Cert_Standards">
    <skipped/>
  </testcase> <!-- @AfterMethod reportDataSetResult -->
  <testcase name="@AfterMethod reportDataSetResult" time="-1.655984502475E9" classname="nsf.ecap.SCFS_suite.Non_Cert_Standards">
    <skipped/>
  </testcase> <!-- @AfterMethod reportDataSetResult -->
  <testcase name="@AfterMethod reportDataSetResult" time="-1.655984502476E9" classname="nsf.ecap.SCFS_suite.Non_Cert_Standards">
    <skipped/>
  </testcase> <!-- @AfterMethod reportDataSetResult -->
  <testcase name="@AfterMethod reportDataSetResult" time="-1.655984502476E9" classname="nsf.ecap.SCFS_suite.Non_Cert_Standards">
    <skipped/>
  </testcase> <!-- @AfterMethod reportDataSetResult -->
  <testcase name="@AfterMethod reportDataSetResult" time="-1.655984502476E9" classname="nsf.ecap.SCFS_suite.Non_Cert_Standards">
    <skipped/>
  </testcase> <!-- @AfterMethod reportDataSetResult -->
  <testcase name="@AfterMethod reportDataSetResult" time="-1.655984502477E9" classname="nsf.ecap.SCFS_suite.Non_Cert_Standards">
    <skipped/>
  </testcase> <!-- @AfterMethod reportDataSetResult -->
  <testcase name="@AfterMethod reportDataSetResult" time="-1.655984502477E9" classname="nsf.ecap.SCFS_suite.Non_Cert_Standards">
    <skipped/>
  </testcase> <!-- @AfterMethod reportDataSetResult -->
  <testcase name="@AfterMethod reportDataSetResult" time="-1.655984502477E9" classname="nsf.ecap.SCFS_suite.Non_Cert_Standards">
    <skipped/>
  </testcase> <!-- @AfterMethod reportDataSetResult -->
  <testcase name="@AfterMethod reportDataSetResult" time="-1.655984502478E9" classname="nsf.ecap.SCFS_suite.Non_Cert_Standards">
    <skipped/>
  </testcase> <!-- @AfterMethod reportDataSetResult -->
  <testcase name="@AfterMethod reportDataSetResult" time="-1.655984502478E9" classname="nsf.ecap.SCFS_suite.Non_Cert_Standards">
    <skipped/>
  </testcase> <!-- @AfterMethod reportDataSetResult -->
  <testcase name="@AfterMethod reportDataSetResult" time="-1.655984502478E9" classname="nsf.ecap.SCFS_suite.Non_Cert_Standards">
    <skipped/>
  </testcase> <!-- @AfterMethod reportDataSetResult -->
  <testcase name="@AfterMethod reportDataSetResult" time="-1.655984502479E9" classname="nsf.ecap.SCFS_suite.Non_Cert_Standards">
    <skipped/>
  </testcase> <!-- @AfterMethod reportDataSetResult -->
  <testcase name="@AfterMethod reportDataSetResult" time="-1.65598450248E9" classname="nsf.ecap.SCFS_suite.Non_Cert_Standards">
    <skipped/>
  </testcase> <!-- @AfterMethod reportDataSetResult -->
  <testcase name="@AfterMethod reportDataSetResult" time="-1.65598450248E9" classname="nsf.ecap.SCFS_suite.Non_Cert_Standards">
    <skipped/>
  </testcase> <!-- @AfterMethod reportDataSetResult -->
  <testcase name="@AfterMethod reportDataSetResult" time="-1.655984502481E9" classname="nsf.ecap.SCFS_suite.Non_Cert_Standards">
    <skipped/>
  </testcase> <!-- @AfterMethod reportDataSetResult -->
  <testcase name="@AfterMethod reportDataSetResult" time="-1.655984502481E9" classname="nsf.ecap.SCFS_suite.Non_Cert_Standards">
    <skipped/>
  </testcase> <!-- @AfterMethod reportDataSetResult -->
  <testcase name="@AfterMethod reportDataSetResult" time="-1.655984502482E9" classname="nsf.ecap.SCFS_suite.Non_Cert_Standards">
    <skipped/>
  </testcase> <!-- @AfterMethod reportDataSetResult -->
  <testcase name="@AfterMethod reportDataSetResult" time="-1.655984502482E9" classname="nsf.ecap.SCFS_suite.Non_Cert_Standards">
    <skipped/>
  </testcase> <!-- @AfterMethod reportDataSetResult -->
  <testcase name="@AfterMethod reportDataSetResult" time="-1.655984502483E9" classname="nsf.ecap.SCFS_suite.Non_Cert_Standards">
    <skipped/>
  </testcase> <!-- @AfterMethod reportDataSetResult -->
  <testcase name="@AfterMethod reportDataSetResult" time="-1.655984502483E9" classname="nsf.ecap.SCFS_suite.Non_Cert_Standards">
    <skipped/>
  </testcase> <!-- @AfterMethod reportDataSetResult -->
  <testcase name="@AfterMethod reportDataSetResult" time="-1.655984502484E9" classname="nsf.ecap.SCFS_suite.Non_Cert_Standards">
    <skipped/>
  </testcase> <!-- @AfterMethod reportDataSetResult -->
  <testcase name="@AfterMethod reportDataSetResult" time="-1.655984502484E9" classname="nsf.ecap.SCFS_suite.Non_Cert_Standards">
    <skipped/>
  </testcase> <!-- @AfterMethod reportDataSetResult -->
  <testcase name="@AfterMethod reportDataSetResult" time="-1.655984502485E9" classname="nsf.ecap.SCFS_suite.Non_Cert_Standards">
    <skipped/>
  </testcase> <!-- @AfterMethod reportDataSetResult -->
  <testcase name="@AfterMethod reportDataSetResult" time="-1.655984502485E9" classname="nsf.ecap.SCFS_suite.Non_Cert_Standards">
    <skipped/>
  </testcase> <!-- @AfterMethod reportDataSetResult -->
  <testcase name="@AfterMethod reportDataSetResult" time="-1.655984502486E9" classname="nsf.ecap.SCFS_suite.Non_Cert_Standards">
    <skipped/>
  </testcase> <!-- @AfterMethod reportDataSetResult -->
  <testcase name="@AfterMethod reportDataSetResult" time="-1.655984502486E9" classname="nsf.ecap.SCFS_suite.Non_Cert_Standards">
    <skipped/>
  </testcase> <!-- @AfterMethod reportDataSetResult -->
  <testcase name="@AfterMethod reportDataSetResult" time="-1.655984502487E9" classname="nsf.ecap.SCFS_suite.Non_Cert_Standards">
    <skipped/>
  </testcase> <!-- @AfterMethod reportDataSetResult -->
  <testcase name="@AfterMethod reportDataSetResult" time="-1.655984502488E9" classname="nsf.ecap.SCFS_suite.Non_Cert_Standards">
    <skipped/>
  </testcase> <!-- @AfterMethod reportDataSetResult -->
  <testcase name="@AfterMethod reportDataSetResult" time="-1.655984502488E9" classname="nsf.ecap.SCFS_suite.Non_Cert_Standards">
    <skipped/>
  </testcase> <!-- @AfterMethod reportDataSetResult -->
  <testcase name="@AfterMethod reportDataSetResult" time="-1.655984502489E9" classname="nsf.ecap.SCFS_suite.Non_Cert_Standards">
    <skipped/>
  </testcase> <!-- @AfterMethod reportDataSetResult -->
  <testcase name="@AfterMethod reportDataSetResult" time="-1.655984502489E9" classname="nsf.ecap.SCFS_suite.Non_Cert_Standards">
    <skipped/>
  </testcase> <!-- @AfterMethod reportDataSetResult -->
  <testcase name="@AfterMethod reportDataSetResult" time="-1.65598450249E9" classname="nsf.ecap.SCFS_suite.Non_Cert_Standards">
    <skipped/>
  </testcase> <!-- @AfterMethod reportDataSetResult -->
  <testcase name="@AfterMethod reportDataSetResult" time="-1.65598450249E9" classname="nsf.ecap.SCFS_suite.Non_Cert_Standards">
    <skipped/>
  </testcase> <!-- @AfterMethod reportDataSetResult -->
  <testcase name="@AfterMethod reportDataSetResult" time="-1.655984502491E9" classname="nsf.ecap.SCFS_suite.Non_Cert_Standards">
    <skipped/>
  </testcase> <!-- @AfterMethod reportDataSetResult -->
  <testcase name="@AfterMethod reportDataSetResult" time="-1.655984502491E9" classname="nsf.ecap.SCFS_suite.Non_Cert_Standards">
    <skipped/>
  </testcase> <!-- @AfterMethod reportDataSetResult -->
  <testcase name="@AfterMethod reportDataSetResult" time="-1.655984502491E9" classname="nsf.ecap.SCFS_suite.Non_Cert_Standards">
    <skipped/>
  </testcase> <!-- @AfterMethod reportDataSetResult -->
  <testcase name="@AfterMethod reportDataSetResult" time="-1.655984502491E9" classname="nsf.ecap.SCFS_suite.Non_Cert_Standards">
    <skipped/>
  </testcase> <!-- @AfterMethod reportDataSetResult -->
  <testcase name="@AfterMethod reportDataSetResult" time="-1.655984502492E9" classname="nsf.ecap.SCFS_suite.Non_Cert_Standards">
    <skipped/>
  </testcase> <!-- @AfterMethod reportDataSetResult -->
  <testcase name="@AfterMethod reportDataSetResult" time="-1.655984502492E9" classname="nsf.ecap.SCFS_suite.Non_Cert_Standards">
    <skipped/>
  </testcase> <!-- @AfterMethod reportDataSetResult -->
  <testcase name="@AfterMethod reportDataSetResult" time="-1.655984502492E9" classname="nsf.ecap.SCFS_suite.Non_Cert_Standards">
    <skipped/>
  </testcase> <!-- @AfterMethod reportDataSetResult -->
  <testcase name="@AfterMethod reportDataSetResult" time="-1.655984502493E9" classname="nsf.ecap.SCFS_suite.Non_Cert_Standards">
    <skipped/>
  </testcase> <!-- @AfterMethod reportDataSetResult -->
  <testcase name="@AfterMethod reportDataSetResult" time="-1.655984502493E9" classname="nsf.ecap.SCFS_suite.Non_Cert_Standards">
    <skipped/>
  </testcase> <!-- @AfterMethod reportDataSetResult -->
  <testcase name="@AfterMethod reportDataSetResult" time="-1.655984502493E9" classname="nsf.ecap.SCFS_suite.Non_Cert_Standards">
    <skipped/>
  </testcase> <!-- @AfterMethod reportDataSetResult -->
  <testcase name="@AfterMethod reportDataSetResult" time="-1.655984502494E9" classname="nsf.ecap.SCFS_suite.Non_Cert_Standards">
    <skipped/>
  </testcase> <!-- @AfterMethod reportDataSetResult -->
  <testcase name="@AfterMethod reportDataSetResult" time="-1.655984502495E9" classname="nsf.ecap.SCFS_suite.Non_Cert_Standards">
    <skipped/>
  </testcase> <!-- @AfterMethod reportDataSetResult -->
  <testcase name="@AfterMethod reportDataSetResult" time="-1.655984502495E9" classname="nsf.ecap.SCFS_suite.Non_Cert_Standards">
    <skipped/>
  </testcase> <!-- @AfterMethod reportDataSetResult -->
  <testcase name="@AfterMethod reportDataSetResult" time="-1.655984502495E9" classname="nsf.ecap.SCFS_suite.Non_Cert_Standards">
    <skipped/>
  </testcase> <!-- @AfterMethod reportDataSetResult -->
  <testcase name="@AfterMethod reportDataSetResult" time="-1.655984502496E9" classname="nsf.ecap.SCFS_suite.Non_Cert_Standards">
    <skipped/>
  </testcase> <!-- @AfterMethod reportDataSetResult -->
  <testcase name="@AfterMethod reportDataSetResult" time="-1.655984502496E9" classname="nsf.ecap.SCFS_suite.Non_Cert_Standards">
    <skipped/>
  </testcase> <!-- @AfterMethod reportDataSetResult -->
  <testcase name="@AfterMethod reportDataSetResult" time="-1.655984502497E9" classname="nsf.ecap.SCFS_suite.Non_Cert_Standards">
    <skipped/>
  </testcase> <!-- @AfterMethod reportDataSetResult -->
  <testcase name="@AfterTest closebrowser" time="-1.655984502497E9" classname="nsf.ecap.SCFS_suite.Non_Cert_Standards">
    <skipped/>
  </testcase> <!-- @AfterTest closebrowser -->
  <testcase name="@AfterTest reportTestResult" time="-1.655984502498E9" classname="nsf.ecap.SCFS_suite.Non_Cert_Standards">
    <skipped/>
  </testcase> <!-- @AfterTest reportTestResult -->
  <testcase name="SQF_Non_Cert_flow" time="0.0" classname="nsf.ecap.SCFS_suite.Non_Cert_Standards">
    <skipped/>
  </testcase> <!-- SQF_Non_Cert_flow -->
  <testcase name="SQF_Non_Cert_flow" time="0.0" classname="nsf.ecap.SCFS_suite.Non_Cert_Standards">
    <skipped/>
  </testcase> <!-- SQF_Non_Cert_flow -->
  <testcase name="SQF_Non_Cert_flow" time="0.0" classname="nsf.ecap.SCFS_suite.Non_Cert_Standards">
    <skipped/>
  </testcase> <!-- SQF_Non_Cert_flow -->
  <testcase name="SQF_Non_Cert_flow" time="0.0" classname="nsf.ecap.SCFS_suite.Non_Cert_Standards">
    <skipped/>
  </testcase> <!-- SQF_Non_Cert_flow -->
  <testcase name="SQF_Non_Cert_flow" time="0.0" classname="nsf.ecap.SCFS_suite.Non_Cert_Standards">
    <skipped/>
  </testcase> <!-- SQF_Non_Cert_flow -->
  <testcase name="SQF_Non_Cert_flow" time="0.0" classname="nsf.ecap.SCFS_suite.Non_Cert_Standards">
    <skipped/>
  </testcase> <!-- SQF_Non_Cert_flow -->
  <testcase name="SQF_Non_Cert_flow" time="0.0" classname="nsf.ecap.SCFS_suite.Non_Cert_Standards">
    <skipped/>
  </testcase> <!-- SQF_Non_Cert_flow -->
  <testcase name="SQF_Non_Cert_flow" time="0.0" classname="nsf.ecap.SCFS_suite.Non_Cert_Standards">
    <skipped/>
  </testcase> <!-- SQF_Non_Cert_flow -->
  <testcase name="SQF_Non_Cert_flow" time="0.0" classname="nsf.ecap.SCFS_suite.Non_Cert_Standards">
    <skipped/>
  </testcase> <!-- SQF_Non_Cert_flow -->
  <testcase name="SQF_Non_Cert_flow" time="0.0" classname="nsf.ecap.SCFS_suite.Non_Cert_Standards">
    <skipped/>
  </testcase> <!-- SQF_Non_Cert_flow -->
  <testcase name="SQF_Non_Cert_flow" time="0.0" classname="nsf.ecap.SCFS_suite.Non_Cert_Standards">
    <skipped/>
  </testcase> <!-- SQF_Non_Cert_flow -->
  <testcase name="SQF_Non_Cert_flow" time="0.0" classname="nsf.ecap.SCFS_suite.Non_Cert_Standards">
    <skipped/>
  </testcase> <!-- SQF_Non_Cert_flow -->
  <testcase name="SQF_Non_Cert_flow" time="0.0" classname="nsf.ecap.SCFS_suite.Non_Cert_Standards">
    <skipped/>
  </testcase> <!-- SQF_Non_Cert_flow -->
  <testcase name="SQF_Non_Cert_flow" time="0.0" classname="nsf.ecap.SCFS_suite.Non_Cert_Standards">
    <skipped/>
  </testcase> <!-- SQF_Non_Cert_flow -->
  <testcase name="SQF_Non_Cert_flow" time="0.0" classname="nsf.ecap.SCFS_suite.Non_Cert_Standards">
    <skipped/>
  </testcase> <!-- SQF_Non_Cert_flow -->
  <testcase name="SQF_Non_Cert_flow" time="0.0" classname="nsf.ecap.SCFS_suite.Non_Cert_Standards">
    <skipped/>
  </testcase> <!-- SQF_Non_Cert_flow -->
  <testcase name="SQF_Non_Cert_flow" time="0.0" classname="nsf.ecap.SCFS_suite.Non_Cert_Standards">
    <skipped/>
  </testcase> <!-- SQF_Non_Cert_flow -->
  <testcase name="SQF_Non_Cert_flow" time="0.0" classname="nsf.ecap.SCFS_suite.Non_Cert_Standards">
    <skipped/>
  </testcase> <!-- SQF_Non_Cert_flow -->
  <testcase name="SQF_Non_Cert_flow" time="0.0" classname="nsf.ecap.SCFS_suite.Non_Cert_Standards">
    <skipped/>
  </testcase> <!-- SQF_Non_Cert_flow -->
  <testcase name="SQF_Non_Cert_flow" time="0.0" classname="nsf.ecap.SCFS_suite.Non_Cert_Standards">
    <skipped/>
  </testcase> <!-- SQF_Non_Cert_flow -->
  <testcase name="SQF_Non_Cert_flow" time="0.0" classname="nsf.ecap.SCFS_suite.Non_Cert_Standards">
    <skipped/>
  </testcase> <!-- SQF_Non_Cert_flow -->
  <testcase name="SQF_Non_Cert_flow" time="0.0" classname="nsf.ecap.SCFS_suite.Non_Cert_Standards">
    <skipped/>
  </testcase> <!-- SQF_Non_Cert_flow -->
  <testcase name="SQF_Non_Cert_flow" time="0.0" classname="nsf.ecap.SCFS_suite.Non_Cert_Standards">
    <skipped/>
  </testcase> <!-- SQF_Non_Cert_flow -->
  <testcase name="SQF_Non_Cert_flow" time="0.0" classname="nsf.ecap.SCFS_suite.Non_Cert_Standards">
    <skipped/>
  </testcase> <!-- SQF_Non_Cert_flow -->
  <testcase name="SQF_Non_Cert_flow" time="0.0" classname="nsf.ecap.SCFS_suite.Non_Cert_Standards">
    <skipped/>
  </testcase> <!-- SQF_Non_Cert_flow -->
  <testcase name="SQF_Non_Cert_flow" time="0.0" classname="nsf.ecap.SCFS_suite.Non_Cert_Standards">
    <skipped/>
  </testcase> <!-- SQF_Non_Cert_flow -->
  <testcase name="SQF_Non_Cert_flow" time="0.0" classname="nsf.ecap.SCFS_suite.Non_Cert_Standards">
    <skipped/>
  </testcase> <!-- SQF_Non_Cert_flow -->
  <testcase name="SQF_Non_Cert_flow" time="0.0" classname="nsf.ecap.SCFS_suite.Non_Cert_Standards">
    <skipped/>
  </testcase> <!-- SQF_Non_Cert_flow -->
  <testcase name="SQF_Non_Cert_flow" time="0.0" classname="nsf.ecap.SCFS_suite.Non_Cert_Standards">
    <skipped/>
  </testcase> <!-- SQF_Non_Cert_flow -->
  <testcase name="SQF_Non_Cert_flow" time="0.0" classname="nsf.ecap.SCFS_suite.Non_Cert_Standards">
    <skipped/>
  </testcase> <!-- SQF_Non_Cert_flow -->
  <testcase name="SQF_Non_Cert_flow" time="0.0" classname="nsf.ecap.SCFS_suite.Non_Cert_Standards">
    <skipped/>
  </testcase> <!-- SQF_Non_Cert_flow -->
  <testcase name="SQF_Non_Cert_flow" time="0.0" classname="nsf.ecap.SCFS_suite.Non_Cert_Standards">
    <skipped/>
  </testcase> <!-- SQF_Non_Cert_flow -->
  <testcase name="SQF_Non_Cert_flow" time="0.0" classname="nsf.ecap.SCFS_suite.Non_Cert_Standards">
    <skipped/>
  </testcase> <!-- SQF_Non_Cert_flow -->
  <testcase name="SQF_Non_Cert_flow" time="0.0" classname="nsf.ecap.SCFS_suite.Non_Cert_Standards">
    <skipped/>
  </testcase> <!-- SQF_Non_Cert_flow -->
  <testcase name="SQF_Non_Cert_flow" time="0.0" classname="nsf.ecap.SCFS_suite.Non_Cert_Standards">
    <skipped/>
  </testcase> <!-- SQF_Non_Cert_flow -->
  <testcase name="SQF_Non_Cert_flow" time="0.0" classname="nsf.ecap.SCFS_suite.Non_Cert_Standards">
    <skipped/>
  </testcase> <!-- SQF_Non_Cert_flow -->
  <testcase name="SQF_Non_Cert_flow" time="0.0" classname="nsf.ecap.SCFS_suite.Non_Cert_Standards">
    <skipped/>
  </testcase> <!-- SQF_Non_Cert_flow -->
  <testcase name="SQF_Non_Cert_flow" time="0.0" classname="nsf.ecap.SCFS_suite.Non_Cert_Standards">
    <skipped/>
  </testcase> <!-- SQF_Non_Cert_flow -->
  <testcase name="SQF_Non_Cert_flow" time="0.0" classname="nsf.ecap.SCFS_suite.Non_Cert_Standards">
    <skipped/>
  </testcase> <!-- SQF_Non_Cert_flow -->
  <testcase name="SQF_Non_Cert_flow" time="0.0" classname="nsf.ecap.SCFS_suite.Non_Cert_Standards">
    <skipped/>
  </testcase> <!-- SQF_Non_Cert_flow -->
  <testcase name="SQF_Non_Cert_flow" time="0.0" classname="nsf.ecap.SCFS_suite.Non_Cert_Standards">
    <skipped/>
  </testcase> <!-- SQF_Non_Cert_flow -->
  <testcase name="SQF_Non_Cert_flow" time="0.0" classname="nsf.ecap.SCFS_suite.Non_Cert_Standards">
    <skipped/>
  </testcase> <!-- SQF_Non_Cert_flow -->
  <testcase name="SQF_Non_Cert_flow" time="0.0" classname="nsf.ecap.SCFS_suite.Non_Cert_Standards">
    <skipped/>
  </testcase> <!-- SQF_Non_Cert_flow -->
  <testcase name="SQF_Non_Cert_flow" time="0.0" classname="nsf.ecap.SCFS_suite.Non_Cert_Standards">
    <skipped/>
  </testcase> <!-- SQF_Non_Cert_flow -->
  <testcase name="SQF_Non_Cert_flow" time="0.0" classname="nsf.ecap.SCFS_suite.Non_Cert_Standards">
    <skipped/>
  </testcase> <!-- SQF_Non_Cert_flow -->
  <testcase name="SQF_Non_Cert_flow" time="0.0" classname="nsf.ecap.SCFS_suite.Non_Cert_Standards">
    <skipped/>
  </testcase> <!-- SQF_Non_Cert_flow -->
  <testcase name="SQF_Non_Cert_flow" time="0.0" classname="nsf.ecap.SCFS_suite.Non_Cert_Standards">
    <skipped/>
  </testcase> <!-- SQF_Non_Cert_flow -->
  <testcase name="SQF_Non_Cert_flow" time="0.0" classname="nsf.ecap.SCFS_suite.Non_Cert_Standards">
    <skipped/>
  </testcase> <!-- SQF_Non_Cert_flow -->
  <testcase name="SQF_Non_Cert_flow" time="0.0" classname="nsf.ecap.SCFS_suite.Non_Cert_Standards">
    <skipped/>
  </testcase> <!-- SQF_Non_Cert_flow -->
  <testcase name="SQF_Non_Cert_flow" time="0.0" classname="nsf.ecap.SCFS_suite.Non_Cert_Standards">
    <skipped/>
  </testcase> <!-- SQF_Non_Cert_flow -->
  <testcase name="SQF_Non_Cert_flow" time="0.0" classname="nsf.ecap.SCFS_suite.Non_Cert_Standards">
    <skipped/>
  </testcase> <!-- SQF_Non_Cert_flow -->
  <testcase name="SQF_Non_Cert_flow" time="0.0" classname="nsf.ecap.SCFS_suite.Non_Cert_Standards">
    <skipped/>
  </testcase> <!-- SQF_Non_Cert_flow -->
  <testcase name="SQF_Non_Cert_flow" time="0.0" classname="nsf.ecap.SCFS_suite.Non_Cert_Standards">
    <skipped/>
  </testcase> <!-- SQF_Non_Cert_flow -->
  <testcase name="SQF_Non_Cert_flow" time="0.0" classname="nsf.ecap.SCFS_suite.Non_Cert_Standards">
    <skipped/>
  </testcase> <!-- SQF_Non_Cert_flow -->
  <testcase name="SQF_Non_Cert_flow" time="0.0" classname="nsf.ecap.SCFS_suite.Non_Cert_Standards">
    <skipped/>
  </testcase> <!-- SQF_Non_Cert_flow -->
  <testcase name="SQF_Non_Cert_flow" time="0.0" classname="nsf.ecap.SCFS_suite.Non_Cert_Standards">
    <skipped/>
  </testcase> <!-- SQF_Non_Cert_flow -->
  <testcase name="SQF_Non_Cert_flow" time="0.0" classname="nsf.ecap.SCFS_suite.Non_Cert_Standards">
    <skipped/>
  </testcase> <!-- SQF_Non_Cert_flow -->
  <testcase name="SQF_Non_Cert_flow" time="0.0" classname="nsf.ecap.SCFS_suite.Non_Cert_Standards">
    <skipped/>
  </testcase> <!-- SQF_Non_Cert_flow -->
  <testcase name="SQF_Non_Cert_flow" time="0.0" classname="nsf.ecap.SCFS_suite.Non_Cert_Standards">
    <skipped/>
  </testcase> <!-- SQF_Non_Cert_flow -->
  <testcase name="SQF_Non_Cert_flow" time="0.0" classname="nsf.ecap.SCFS_suite.Non_Cert_Standards">
    <skipped/>
  </testcase> <!-- SQF_Non_Cert_flow -->
  <testcase name="SQF_Non_Cert_flow" time="0.0" classname="nsf.ecap.SCFS_suite.Non_Cert_Standards">
    <skipped/>
  </testcase> <!-- SQF_Non_Cert_flow -->
  <testcase name="SQF_Non_Cert_flow" time="0.0" classname="nsf.ecap.SCFS_suite.Non_Cert_Standards">
    <skipped/>
  </testcase> <!-- SQF_Non_Cert_flow -->
  <testcase name="SQF_Non_Cert_flow" time="0.0" classname="nsf.ecap.SCFS_suite.Non_Cert_Standards">
    <skipped/>
  </testcase> <!-- SQF_Non_Cert_flow -->
  <testcase name="SQF_Non_Cert_flow" time="0.0" classname="nsf.ecap.SCFS_suite.Non_Cert_Standards">
    <skipped/>
  </testcase> <!-- SQF_Non_Cert_flow -->
  <testcase name="SQF_Non_Cert_flow" time="0.0" classname="nsf.ecap.SCFS_suite.Non_Cert_Standards">
    <skipped/>
  </testcase> <!-- SQF_Non_Cert_flow -->
  <testcase name="SQF_Non_Cert_flow" time="0.0" classname="nsf.ecap.SCFS_suite.Non_Cert_Standards">
    <skipped/>
  </testcase> <!-- SQF_Non_Cert_flow -->
  <testcase name="SQF_Non_Cert_flow" time="0.0" classname="nsf.ecap.SCFS_suite.Non_Cert_Standards">
    <skipped/>
  </testcase> <!-- SQF_Non_Cert_flow -->
  <testcase name="SQF_Non_Cert_flow" time="0.0" classname="nsf.ecap.SCFS_suite.Non_Cert_Standards">
    <skipped/>
  </testcase> <!-- SQF_Non_Cert_flow -->
  <testcase name="SQF_Non_Cert_flow" time="0.0" classname="nsf.ecap.SCFS_suite.Non_Cert_Standards">
    <skipped/>
  </testcase> <!-- SQF_Non_Cert_flow -->
  <testcase name="SQF_Non_Cert_flow" time="0.0" classname="nsf.ecap.SCFS_suite.Non_Cert_Standards">
    <skipped/>
  </testcase> <!-- SQF_Non_Cert_flow -->
  <testcase name="SQF_Non_Cert_flow" time="0.0" classname="nsf.ecap.SCFS_suite.Non_Cert_Standards">
    <skipped/>
  </testcase> <!-- SQF_Non_Cert_flow -->
  <testcase name="SQF_Non_Cert_flow" time="0.0" classname="nsf.ecap.SCFS_suite.Non_Cert_Standards">
    <skipped/>
  </testcase> <!-- SQF_Non_Cert_flow -->
  <testcase name="SQF_Non_Cert_flow" time="0.0" classname="nsf.ecap.SCFS_suite.Non_Cert_Standards">
    <skipped/>
  </testcase> <!-- SQF_Non_Cert_flow -->
  <testcase name="SQF_Non_Cert_flow" time="0.0" classname="nsf.ecap.SCFS_suite.Non_Cert_Standards">
    <skipped/>
  </testcase> <!-- SQF_Non_Cert_flow -->
  <testcase name="SQF_Non_Cert_flow" time="0.0" classname="nsf.ecap.SCFS_suite.Non_Cert_Standards">
    <skipped/>
  </testcase> <!-- SQF_Non_Cert_flow -->
  <testcase name="SQF_Non_Cert_flow" time="0.0" classname="nsf.ecap.SCFS_suite.Non_Cert_Standards">
    <skipped/>
  </testcase> <!-- SQF_Non_Cert_flow -->
  <testcase name="SQF_Non_Cert_flow" time="0.0" classname="nsf.ecap.SCFS_suite.Non_Cert_Standards">
    <skipped/>
  </testcase> <!-- SQF_Non_Cert_flow -->
  <testcase name="SQF_Non_Cert_flow" time="0.0" classname="nsf.ecap.SCFS_suite.Non_Cert_Standards">
    <skipped/>
  </testcase> <!-- SQF_Non_Cert_flow -->
  <testcase name="SQF_Non_Cert_flow" time="0.0" classname="nsf.ecap.SCFS_suite.Non_Cert_Standards">
    <skipped/>
  </testcase> <!-- SQF_Non_Cert_flow -->
  <testcase name="SQF_Non_Cert_flow" time="0.0" classname="nsf.ecap.SCFS_suite.Non_Cert_Standards">
    <skipped/>
  </testcase> <!-- SQF_Non_Cert_flow -->
  <testcase name="SQF_Non_Cert_flow" time="0.0" classname="nsf.ecap.SCFS_suite.Non_Cert_Standards">
    <skipped/>
  </testcase> <!-- SQF_Non_Cert_flow -->
  <testcase name="SQF_Non_Cert_flow" time="0.0" classname="nsf.ecap.SCFS_suite.Non_Cert_Standards">
    <skipped/>
  </testcase> <!-- SQF_Non_Cert_flow -->
  <testcase name="SQF_Non_Cert_flow" time="0.0" classname="nsf.ecap.SCFS_suite.Non_Cert_Standards">
    <skipped/>
  </testcase> <!-- SQF_Non_Cert_flow -->
  <testcase name="SQF_Non_Cert_flow" time="0.0" classname="nsf.ecap.SCFS_suite.Non_Cert_Standards">
    <skipped/>
  </testcase> <!-- SQF_Non_Cert_flow -->
  <testcase name="SQF_Non_Cert_flow" time="0.0" classname="nsf.ecap.SCFS_suite.Non_Cert_Standards">
    <skipped/>
  </testcase> <!-- SQF_Non_Cert_flow -->
  <testcase name="SQF_Non_Cert_flow" time="0.0" classname="nsf.ecap.SCFS_suite.Non_Cert_Standards">
    <skipped/>
  </testcase> <!-- SQF_Non_Cert_flow -->
  <testcase name="SQF_Non_Cert_flow" time="0.0" classname="nsf.ecap.SCFS_suite.Non_Cert_Standards">
    <skipped/>
  </testcase> <!-- SQF_Non_Cert_flow -->
  <testcase name="SQF_Non_Cert_flow" time="0.0" classname="nsf.ecap.SCFS_suite.Non_Cert_Standards">
    <skipped/>
  </testcase> <!-- SQF_Non_Cert_flow -->
  <testcase name="SQF_Non_Cert_flow" time="0.0" classname="nsf.ecap.SCFS_suite.Non_Cert_Standards">
    <skipped/>
  </testcase> <!-- SQF_Non_Cert_flow -->
  <testcase name="SQF_Non_Cert_flow" time="0.0" classname="nsf.ecap.SCFS_suite.Non_Cert_Standards">
    <skipped/>
  </testcase> <!-- SQF_Non_Cert_flow -->
  <testcase name="SQF_Non_Cert_flow" time="0.0" classname="nsf.ecap.SCFS_suite.Non_Cert_Standards">
    <skipped/>
  </testcase> <!-- SQF_Non_Cert_flow -->
  <testcase name="SQF_Non_Cert_flow" time="0.0" classname="nsf.ecap.SCFS_suite.Non_Cert_Standards">
    <skipped/>
  </testcase> <!-- SQF_Non_Cert_flow -->
  <testcase name="SQF_Non_Cert_flow" time="0.0" classname="nsf.ecap.SCFS_suite.Non_Cert_Standards">
    <skipped/>
  </testcase> <!-- SQF_Non_Cert_flow -->
  <testcase name="SQF_Non_Cert_flow" time="0.0" classname="nsf.ecap.SCFS_suite.Non_Cert_Standards">
    <skipped/>
  </testcase> <!-- SQF_Non_Cert_flow -->
  <testcase name="SQF_Non_Cert_flow" time="0.0" classname="nsf.ecap.SCFS_suite.Non_Cert_Standards">
    <skipped/>
  </testcase> <!-- SQF_Non_Cert_flow -->
  <testcase name="SQF_Non_Cert_flow" time="0.0" classname="nsf.ecap.SCFS_suite.Non_Cert_Standards">
    <skipped/>
  </testcase> <!-- SQF_Non_Cert_flow -->
  <testcase name="SQF_Non_Cert_flow" time="0.0" classname="nsf.ecap.SCFS_suite.Non_Cert_Standards">
    <skipped/>
  </testcase> <!-- SQF_Non_Cert_flow -->
  <testcase name="SQF_Non_Cert_flow" time="0.0" classname="nsf.ecap.SCFS_suite.Non_Cert_Standards">
    <skipped/>
  </testcase> <!-- SQF_Non_Cert_flow -->
  <testcase name="SQF_Non_Cert_flow" time="0.0" classname="nsf.ecap.SCFS_suite.Non_Cert_Standards">
    <skipped/>
  </testcase> <!-- SQF_Non_Cert_flow -->
  <testcase name="SQF_Non_Cert_flow" time="0.0" classname="nsf.ecap.SCFS_suite.Non_Cert_Standards">
    <skipped/>
  </testcase> <!-- SQF_Non_Cert_flow -->
  <testcase name="SQF_Non_Cert_flow" time="0.0" classname="nsf.ecap.SCFS_suite.Non_Cert_Standards">
    <skipped/>
  </testcase> <!-- SQF_Non_Cert_flow -->
  <testcase name="SQF_Non_Cert_flow" time="0.0" classname="nsf.ecap.SCFS_suite.Non_Cert_Standards">
    <skipped/>
  </testcase> <!-- SQF_Non_Cert_flow -->
  <testcase name="SQF_Non_Cert_flow" time="0.0" classname="nsf.ecap.SCFS_suite.Non_Cert_Standards">
    <skipped/>
  </testcase> <!-- SQF_Non_Cert_flow -->
  <testcase name="SQF_Non_Cert_flow" time="0.0" classname="nsf.ecap.SCFS_suite.Non_Cert_Standards">
    <skipped/>
  </testcase> <!-- SQF_Non_Cert_flow -->
  <testcase name="SQF_Non_Cert_flow" time="0.0" classname="nsf.ecap.SCFS_suite.Non_Cert_Standards">
    <skipped/>
  </testcase> <!-- SQF_Non_Cert_flow -->
  <testcase name="SQF_Non_Cert_flow" time="0.0" classname="nsf.ecap.SCFS_suite.Non_Cert_Standards">
    <skipped/>
  </testcase> <!-- SQF_Non_Cert_flow -->
  <testcase name="SQF_Non_Cert_flow" time="0.0" classname="nsf.ecap.SCFS_suite.Non_Cert_Standards">
    <skipped/>
  </testcase> <!-- SQF_Non_Cert_flow -->
  <testcase name="SQF_Non_Cert_flow" time="0.0" classname="nsf.ecap.SCFS_suite.Non_Cert_Standards">
    <skipped/>
  </testcase> <!-- SQF_Non_Cert_flow -->
  <testcase name="SQF_Non_Cert_flow" time="0.0" classname="nsf.ecap.SCFS_suite.Non_Cert_Standards">
    <skipped/>
  </testcase> <!-- SQF_Non_Cert_flow -->
  <testcase name="SQF_Non_Cert_flow" time="0.0" classname="nsf.ecap.SCFS_suite.Non_Cert_Standards">
    <skipped/>
  </testcase> <!-- SQF_Non_Cert_flow -->
  <testcase name="SQF_Non_Cert_flow" time="0.0" classname="nsf.ecap.SCFS_suite.Non_Cert_Standards">
    <skipped/>
  </testcase> <!-- SQF_Non_Cert_flow -->
  <testcase name="SQF_Non_Cert_flow" time="0.0" classname="nsf.ecap.SCFS_suite.Non_Cert_Standards">
    <skipped/>
  </testcase> <!-- SQF_Non_Cert_flow -->
  <testcase name="SQF_Non_Cert_flow" time="0.0" classname="nsf.ecap.SCFS_suite.Non_Cert_Standards">
    <skipped/>
  </testcase> <!-- SQF_Non_Cert_flow -->
  <testcase name="SQF_Non_Cert_flow" time="0.0" classname="nsf.ecap.SCFS_suite.Non_Cert_Standards">
    <skipped/>
  </testcase> <!-- SQF_Non_Cert_flow -->
  <testcase name="SQF_Non_Cert_flow" time="0.0" classname="nsf.ecap.SCFS_suite.Non_Cert_Standards">
    <skipped/>
  </testcase> <!-- SQF_Non_Cert_flow -->
  <testcase name="SQF_Non_Cert_flow" time="0.0" classname="nsf.ecap.SCFS_suite.Non_Cert_Standards">
    <skipped/>
  </testcase> <!-- SQF_Non_Cert_flow -->
  <testcase name="SQF_Non_Cert_flow" time="0.0" classname="nsf.ecap.SCFS_suite.Non_Cert_Standards">
    <skipped/>
  </testcase> <!-- SQF_Non_Cert_flow -->
  <testcase name="SQF_Non_Cert_flow" time="0.0" classname="nsf.ecap.SCFS_suite.Non_Cert_Standards">
    <skipped/>
  </testcase> <!-- SQF_Non_Cert_flow -->
  <testcase name="SQF_Non_Cert_flow" time="0.0" classname="nsf.ecap.SCFS_suite.Non_Cert_Standards">
    <skipped/>
  </testcase> <!-- SQF_Non_Cert_flow -->
  <testcase name="SQF_Non_Cert_flow" time="0.0" classname="nsf.ecap.SCFS_suite.Non_Cert_Standards">
    <skipped/>
  </testcase> <!-- SQF_Non_Cert_flow -->
  <testcase name="SQF_Non_Cert_flow" time="0.0" classname="nsf.ecap.SCFS_suite.Non_Cert_Standards">
    <skipped/>
  </testcase> <!-- SQF_Non_Cert_flow -->
  <testcase name="SQF_Non_Cert_flow" time="0.0" classname="nsf.ecap.SCFS_suite.Non_Cert_Standards">
    <skipped/>
  </testcase> <!-- SQF_Non_Cert_flow -->
  <testcase name="SQF_Non_Cert_flow" time="0.0" classname="nsf.ecap.SCFS_suite.Non_Cert_Standards">
    <skipped/>
  </testcase> <!-- SQF_Non_Cert_flow -->
  <testcase name="SQF_Non_Cert_flow" time="0.0" classname="nsf.ecap.SCFS_suite.Non_Cert_Standards">
    <skipped/>
  </testcase> <!-- SQF_Non_Cert_flow -->
  <testcase name="SQF_Non_Cert_flow" time="0.0" classname="nsf.ecap.SCFS_suite.Non_Cert_Standards">
    <skipped/>
  </testcase> <!-- SQF_Non_Cert_flow -->
  <testcase name="SQF_Non_Cert_flow" time="0.0" classname="nsf.ecap.SCFS_suite.Non_Cert_Standards">
    <skipped/>
  </testcase> <!-- SQF_Non_Cert_flow -->
  <testcase name="SQF_Non_Cert_flow" time="0.0" classname="nsf.ecap.SCFS_suite.Non_Cert_Standards">
    <skipped/>
  </testcase> <!-- SQF_Non_Cert_flow -->
  <testcase name="SQF_Non_Cert_flow" time="0.0" classname="nsf.ecap.SCFS_suite.Non_Cert_Standards">
    <skipped/>
  </testcase> <!-- SQF_Non_Cert_flow -->
  <testcase name="SQF_Non_Cert_flow" time="0.0" classname="nsf.ecap.SCFS_suite.Non_Cert_Standards">
    <skipped/>
  </testcase> <!-- SQF_Non_Cert_flow -->
  <testcase name="SQF_Non_Cert_flow" time="0.0" classname="nsf.ecap.SCFS_suite.Non_Cert_Standards">
    <skipped/>
  </testcase> <!-- SQF_Non_Cert_flow -->
  <testcase name="SQF_Non_Cert_flow" time="0.0" classname="nsf.ecap.SCFS_suite.Non_Cert_Standards">
    <skipped/>
  </testcase> <!-- SQF_Non_Cert_flow -->
  <testcase name="SQF_Non_Cert_flow" time="0.0" classname="nsf.ecap.SCFS_suite.Non_Cert_Standards">
    <skipped/>
  </testcase> <!-- SQF_Non_Cert_flow -->
</testsuite> <!--  [BS-02]  Non_Cert_Standards -->
