<?xml version="1.0" encoding="UTF-8"?>
<!-- Generated by org.testng.reporters.JUnitXMLReporter -->
<testsuite hostname="INDEL-L-4B3JDM3" ignored="0" name="[BS-14] NSF Connect Login Scenarios" tests="11" failures="0" timestamp="2022-07-25T13:56:13 IST" time="0.004" errors="0">
  <testcase name="@BeforeTest checkTestSkip" time="-1.658737573293E9" classname="nsf.ecap.New_NSFOnline_Suite.BS_14_Login_Scenarios">
    <skipped/>
  </testcase> <!-- @BeforeTest checkTestSkip -->
  <testcase name="@AfterMethod QuitBrowser" time="-1.658737573294E9" classname="nsf.ecap.New_NSFOnline_Suite.BS_14_Login_Scenarios">
    <skipped/>
  </testcase> <!-- @AfterMethod QuitBrowser -->
  <testcase name="@AfterMethod reportDataSetResult" time="-1.658737573294E9" classname="nsf.ecap.New_NSFOnline_Suite.BS_14_Login_Scenarios">
    <skipped/>
  </testcase> <!-- @AfterMethod reportDataSetResult -->
  <testcase name="@AfterMethod QuitBrowser" time="-1.658737573294E9" classname="nsf.ecap.New_NSFOnline_Suite.BS_14_Login_Scenarios">
    <skipped/>
  </testcase> <!-- @AfterMethod QuitBrowser -->
  <testcase name="@AfterMethod reportDataSetResult" time="-1.658737573294E9" classname="nsf.ecap.New_NSFOnline_Suite.BS_14_Login_Scenarios">
    <skipped/>
  </testcase> <!-- @AfterMethod reportDataSetResult -->
  <testcase name="@AfterMethod QuitBrowser" time="-1.658737573294E9" classname="nsf.ecap.New_NSFOnline_Suite.BS_14_Login_Scenarios">
    <skipped/>
  </testcase> <!-- @AfterMethod QuitBrowser -->
  <testcase name="@AfterMethod reportDataSetResult" time="-1.658737573295E9" classname="nsf.ecap.New_NSFOnline_Suite.BS_14_Login_Scenarios">
    <skipped/>
  </testcase> <!-- @AfterMethod reportDataSetResult -->
  <testcase name="@AfterMethod QuitBrowser" time="-1.658737573295E9" classname="nsf.ecap.New_NSFOnline_Suite.BS_14_Login_Scenarios">
    <skipped/>
  </testcase> <!-- @AfterMethod QuitBrowser -->
  <testcase name="@AfterMethod reportDataSetResult" time="-1.658737573295E9" classname="nsf.ecap.New_NSFOnline_Suite.BS_14_Login_Scenarios">
    <skipped/>
  </testcase> <!-- @AfterMethod reportDataSetResult -->
  <testcase name="@AfterMethod QuitBrowser" time="-1.658737573295E9" classname="nsf.ecap.New_NSFOnline_Suite.BS_14_Login_Scenarios">
    <skipped/>
  </testcase> <!-- @AfterMethod QuitBrowser -->
  <testcase name="@AfterMethod reportDataSetResult" time="-1.658737573295E9" classname="nsf.ecap.New_NSFOnline_Suite.BS_14_Login_Scenarios">
    <skipped/>
  </testcase> <!-- @AfterMethod reportDataSetResult -->
  <testcase name="@AfterMethod QuitBrowser" time="-1.658737573295E9" classname="nsf.ecap.New_NSFOnline_Suite.BS_14_Login_Scenarios">
    <skipped/>
  </testcase> <!-- @AfterMethod QuitBrowser -->
  <testcase name="@AfterMethod reportDataSetResult" time="-1.658737573295E9" classname="nsf.ecap.New_NSFOnline_Suite.BS_14_Login_Scenarios">
    <skipped/>
  </testcase> <!-- @AfterMethod reportDataSetResult -->
  <testcase name="@AfterMethod QuitBrowser" time="-1.658737573295E9" classname="nsf.ecap.New_NSFOnline_Suite.BS_14_Login_Scenarios">
    <skipped/>
  </testcase> <!-- @AfterMethod QuitBrowser -->
  <testcase name="@AfterMethod reportDataSetResult" time="-1.658737573295E9" classname="nsf.ecap.New_NSFOnline_Suite.BS_14_Login_Scenarios">
    <skipped/>
  </testcase> <!-- @AfterMethod reportDataSetResult -->
  <testcase name="@AfterMethod QuitBrowser" time="-1.658737573296E9" classname="nsf.ecap.New_NSFOnline_Suite.BS_14_Login_Scenarios">
    <skipped/>
  </testcase> <!-- @AfterMethod QuitBrowser -->
  <testcase name="@AfterMethod reportDataSetResult" time="-1.658737573296E9" classname="nsf.ecap.New_NSFOnline_Suite.BS_14_Login_Scenarios">
    <skipped/>
  </testcase> <!-- @AfterMethod reportDataSetResult -->
  <testcase name="@AfterMethod QuitBrowser" time="-1.658737573296E9" classname="nsf.ecap.New_NSFOnline_Suite.BS_14_Login_Scenarios">
    <skipped/>
  </testcase> <!-- @AfterMethod QuitBrowser -->
  <testcase name="@AfterMethod reportDataSetResult" time="-1.658737573296E9" classname="nsf.ecap.New_NSFOnline_Suite.BS_14_Login_Scenarios">
    <skipped/>
  </testcase> <!-- @AfterMethod reportDataSetResult -->
  <testcase name="@AfterMethod QuitBrowser" time="-1.658737573297E9" classname="nsf.ecap.New_NSFOnline_Suite.BS_14_Login_Scenarios">
    <skipped/>
  </testcase> <!-- @AfterMethod QuitBrowser -->
  <testcase name="@AfterMethod reportDataSetResult" time="-1.658737573297E9" classname="nsf.ecap.New_NSFOnline_Suite.BS_14_Login_Scenarios">
    <skipped/>
  </testcase> <!-- @AfterMethod reportDataSetResult -->
  <testcase name="@AfterMethod QuitBrowser" time="-1.658737573297E9" classname="nsf.ecap.New_NSFOnline_Suite.BS_14_Login_Scenarios">
    <skipped/>
  </testcase> <!-- @AfterMethod QuitBrowser -->
  <testcase name="@AfterMethod reportDataSetResult" time="-1.658737573297E9" classname="nsf.ecap.New_NSFOnline_Suite.BS_14_Login_Scenarios">
    <skipped/>
  </testcase> <!-- @AfterMethod reportDataSetResult -->
  <testcase name="@AfterTest reportTestResult" time="-1.658737573297E9" classname="nsf.ecap.New_NSFOnline_Suite.BS_14_Login_Scenarios">
    <skipped/>
  </testcase> <!-- @AfterTest reportTestResult -->
  <testcase name="Verify_LoginSuccess_and_LandingScreen_for_following_Data__" time="0.0" classname="nsf.ecap.New_NSFOnline_Suite.BS_14_Login_Scenarios">
    <skipped/>
  </testcase> <!-- Verify_LoginSuccess_and_LandingScreen_for_following_Data__ -->
  <testcase name="Verify_LoginSuccess_and_LandingScreen_for_following_Data__" time="0.0" classname="nsf.ecap.New_NSFOnline_Suite.BS_14_Login_Scenarios">
    <skipped/>
  </testcase> <!-- Verify_LoginSuccess_and_LandingScreen_for_following_Data__ -->
  <testcase name="Verify_LoginSuccess_and_LandingScreen_for_following_Data__" time="0.0" classname="nsf.ecap.New_NSFOnline_Suite.BS_14_Login_Scenarios">
    <skipped/>
  </testcase> <!-- Verify_LoginSuccess_and_LandingScreen_for_following_Data__ -->
  <testcase name="Verify_LoginSuccess_and_LandingScreen_for_following_Data__" time="0.0" classname="nsf.ecap.New_NSFOnline_Suite.BS_14_Login_Scenarios">
    <skipped/>
  </testcase> <!-- Verify_LoginSuccess_and_LandingScreen_for_following_Data__ -->
  <testcase name="Verify_LoginSuccess_and_LandingScreen_for_following_Data__" time="0.0" classname="nsf.ecap.New_NSFOnline_Suite.BS_14_Login_Scenarios">
    <skipped/>
  </testcase> <!-- Verify_LoginSuccess_and_LandingScreen_for_following_Data__ -->
  <testcase name="Verify_LoginSuccess_and_LandingScreen_for_following_Data__" time="0.0" classname="nsf.ecap.New_NSFOnline_Suite.BS_14_Login_Scenarios">
    <skipped/>
  </testcase> <!-- Verify_LoginSuccess_and_LandingScreen_for_following_Data__ -->
  <testcase name="Verify_LoginSuccess_and_LandingScreen_for_following_Data__" time="0.0" classname="nsf.ecap.New_NSFOnline_Suite.BS_14_Login_Scenarios">
    <skipped/>
  </testcase> <!-- Verify_LoginSuccess_and_LandingScreen_for_following_Data__ -->
  <testcase name="Verify_LoginSuccess_and_LandingScreen_for_following_Data__" time="0.0" classname="nsf.ecap.New_NSFOnline_Suite.BS_14_Login_Scenarios">
    <skipped/>
  </testcase> <!-- Verify_LoginSuccess_and_LandingScreen_for_following_Data__ -->
  <testcase name="Verify_LoginSuccess_and_LandingScreen_for_following_Data__" time="0.0" classname="nsf.ecap.New_NSFOnline_Suite.BS_14_Login_Scenarios">
    <skipped/>
  </testcase> <!-- Verify_LoginSuccess_and_LandingScreen_for_following_Data__ -->
  <testcase name="Verify_LoginSuccess_and_LandingScreen_for_following_Data__" time="0.0" classname="nsf.ecap.New_NSFOnline_Suite.BS_14_Login_Scenarios">
    <skipped/>
  </testcase> <!-- Verify_LoginSuccess_and_LandingScreen_for_following_Data__ -->
  <testcase name="Verify_LoginSuccess_and_LandingScreen_for_following_Data__" time="0.0" classname="nsf.ecap.New_NSFOnline_Suite.BS_14_Login_Scenarios">
    <skipped/>
  </testcase> <!-- Verify_LoginSuccess_and_LandingScreen_for_following_Data__ -->
</testsuite> <!-- [BS-14] NSF Connect Login Scenarios -->
