<?xml version="1.0" encoding="UTF-8"?>
<!-- Generated by org.testng.reporters.JUnitXMLReporter -->
<testsuite hostname="INDEL-L-4B3JDM3" ignored="0" name="[BS-36]  Service Request" tests="5" failures="0" timestamp="2022-07-25T13:56:13 IST" time="0.001" errors="0">
  <testcase name="@BeforeTest checkTestSkip" time="-1.658737573423E9" classname="nsf.ecap.New_NSFOnline_Suite.BS_36_Service_Request">
    <skipped/>
  </testcase> <!-- @BeforeTest checkTestSkip -->
  <testcase name="@AfterTest QuitBrowser" time="-1.658737573424E9" classname="nsf.ecap.New_NSFOnline_Suite.BS_36_Service_Request">
    <skipped/>
  </testcase> <!-- @AfterTest QuitBrowser -->
  <testcase name="@AfterTest reportTestResult" time="-1.658737573424E9" classname="nsf.ecap.New_NSFOnline_Suite.BS_36_Service_Request">
    <skipped/>
  </testcase> <!-- @AfterTest reportTestResult -->
  <testcase name="Launch_Browser_and_Login_WithUser_IntoThe_Application" time="0.0" classname="nsf.ecap.New_NSFOnline_Suite.BS_36_Service_Request">
    <skipped/>
  </testcase> <!-- Launch_Browser_and_Login_WithUser_IntoThe_Application -->
  <testcase name="Create_New_Service_Request_And_DeleteView_IfAnyExist" time="0.0" classname="nsf.ecap.New_NSFOnline_Suite.BS_36_Service_Request">
    <skipped/>
  </testcase> <!-- Create_New_Service_Request_And_DeleteView_IfAnyExist -->
  <testcase name="Verify_RequestNO_ComingIntoThe_AdvanceSearch_CreateNewView_And_Reply_ServiceRequest" time="0.0" classname="nsf.ecap.New_NSFOnline_Suite.BS_36_Service_Request">
    <skipped/>
  </testcase> <!-- Verify_RequestNO_ComingIntoThe_AdvanceSearch_CreateNewView_And_Reply_ServiceRequest -->
  <testcase name="Verify_LoginWith_SuperAdmin_ReplyServiceRequest_WithoutStatusChange_and_CloseIt" time="0.0" classname="nsf.ecap.New_NSFOnline_Suite.BS_36_Service_Request">
    <skipped/>
  </testcase> <!-- Verify_LoginWith_SuperAdmin_ReplyServiceRequest_WithoutStatusChange_and_CloseIt -->
  <testcase name="LoginWithUser_And_Verify_ServiceRequestStatus_And_DeleteView" time="0.0" classname="nsf.ecap.New_NSFOnline_Suite.BS_36_Service_Request">
    <skipped/>
  </testcase> <!-- LoginWithUser_And_Verify_ServiceRequestStatus_And_DeleteView -->
</testsuite> <!-- [BS-36]  Service Request -->
