<?xml version="1.0" encoding="UTF-8"?>
<!-- Generated by org.testng.reporters.JUnitXMLReporter -->
<testsuite hostname="INDEL-L-4B3JDM3" ignored="0" name="[BS-23]  Verify Questionnaire" tests="2" failures="0" timestamp="2022-07-25T13:56:13 IST" time="0.001" errors="0">
  <testcase name="@BeforeTest checkTestSkip" time="-1.658737573363E9" classname="nsf.ecap.New_NSFOnline_Suite.BS_23_Questionnaire">
    <skipped/>
  </testcase> <!-- @BeforeTest checkTestSkip -->
  <testcase name="@AfterTest QuitBrowser" time="-1.658737573364E9" classname="nsf.ecap.New_NSFOnline_Suite.BS_23_Questionnaire">
    <skipped/>
  </testcase> <!-- @AfterTest QuitBrowser -->
  <testcase name="@AfterTest reportTestResult" time="-1.658737573364E9" classname="nsf.ecap.New_NSFOnline_Suite.BS_23_Questionnaire">
    <skipped/>
  </testcase> <!-- @AfterTest reportTestResult -->
  <testcase name="Launch_Browser_and_Successfully_Login_into_the_Application" time="0.0" classname="nsf.ecap.New_NSFOnline_Suite.BS_23_Questionnaire">
    <skipped/>
  </testcase> <!-- Launch_Browser_and_Successfully_Login_into_the_Application -->
  <testcase name="Create_Edit_Delete_View____Verify_AdvanceSearch____Create_Submit_Questionnaire" time="0.0" classname="nsf.ecap.New_NSFOnline_Suite.BS_23_Questionnaire">
    <skipped/>
  </testcase> <!-- Create_Edit_Delete_View____Verify_AdvanceSearch____Create_Submit_Questionnaire -->
</testsuite> <!-- [BS-23]  Verify Questionnaire -->
