<?xml version="1.0" encoding="UTF-8"?>
<!-- Generated by org.testng.reporters.JUnitXMLReporter -->
<testsuite hostname="INDEL-L-4B3JDM3" ignored="0" name="[BS-15]  NSF Connect Account Setup Test Cases" tests="5" failures="0" timestamp="2022-07-25T13:56:13 IST" time="0.001" errors="0">
  <testcase name="@BeforeTest checkTestSkip" time="-1.658737573302E9" classname="nsf.ecap.New_NSFOnline_Suite.BS_15_NSFOnlineAccountSetup">
    <skipped/>
  </testcase> <!-- @BeforeTest checkTestSkip -->
  <testcase name="@AfterTest QuitBrowser" time="-1.658737573303E9" classname="nsf.ecap.New_NSFOnline_Suite.BS_15_NSFOnlineAccountSetup">
    <skipped/>
  </testcase> <!-- @AfterTest QuitBrowser -->
  <testcase name="@AfterTest reportTestResult" time="-1.658737573303E9" classname="nsf.ecap.New_NSFOnline_Suite.BS_15_NSFOnlineAccountSetup">
    <skipped/>
  </testcase> <!-- @AfterTest reportTestResult -->
  <testcase name="Login_into_iPulse_and_SwitchTo_NSfOnline_2_by_Clicking_on_NSFOnlineAccountSetup_Button" time="0.0" classname="nsf.ecap.New_NSFOnline_Suite.BS_15_NSFOnlineAccountSetup">
    <skipped/>
  </testcase> <!-- Login_into_iPulse_and_SwitchTo_NSfOnline_2_by_Clicking_on_NSFOnlineAccountSetup_Button -->
  <testcase name="Verify_Data_Updated_Successfully_under_CustomerSetting_TAB" time="0.0" classname="nsf.ecap.New_NSFOnline_Suite.BS_15_NSFOnlineAccountSetup">
    <skipped/>
  </testcase> <!-- Verify_Data_Updated_Successfully_under_CustomerSetting_TAB -->
  <testcase name="Verify_Data_Updated_Successfully_under_AccessRestriction_TAB" time="0.0" classname="nsf.ecap.New_NSFOnline_Suite.BS_15_NSFOnlineAccountSetup">
    <skipped/>
  </testcase> <!-- Verify_Data_Updated_Successfully_under_AccessRestriction_TAB -->
  <testcase name="Verify_Data_Updated_Successfully_under_CustomLabels_TAB" time="0.0" classname="nsf.ecap.New_NSFOnline_Suite.BS_15_NSFOnlineAccountSetup">
    <skipped/>
  </testcase> <!-- Verify_Data_Updated_Successfully_under_CustomLabels_TAB -->
  <testcase name="Verify_Data_Updated_Successfully_under_AuditSettings_TAB" time="0.0" classname="nsf.ecap.New_NSFOnline_Suite.BS_15_NSFOnlineAccountSetup">
    <skipped/>
  </testcase> <!-- Verify_Data_Updated_Successfully_under_AuditSettings_TAB -->
</testsuite> <!-- [BS-15]  NSF Connect Account Setup Test Cases -->
