<?xml version="1.0" encoding="UTF-8"?>
<!-- Generated by org.testng.reporters.JUnitXMLReporter -->
<testsuite hostname="INDEL-L-4B3JDM3" ignored="0" name="[BS-13] Create and Edit Issues" tests="9" failures="0" timestamp="2022-07-25T13:56:13 IST" time="0.002" errors="0">
  <testcase name="@BeforeTest checkTestSkip" time="-1.658737573285E9" classname="nsf.ecap.New_NSFOnline_Suite.BS_13_IM_CreateIssue_AdvSearch">
    <skipped/>
  </testcase> <!-- @BeforeTest checkTestSkip -->
  <testcase name="@AfterMethod QuitBrowser" time="-1.658737573286E9" classname="nsf.ecap.New_NSFOnline_Suite.BS_13_IM_CreateIssue_AdvSearch">
    <skipped/>
  </testcase> <!-- @AfterMethod QuitBrowser -->
  <testcase name="@AfterMethod reportDataSetResult" time="-1.658737573286E9" classname="nsf.ecap.New_NSFOnline_Suite.BS_13_IM_CreateIssue_AdvSearch">
    <skipped/>
  </testcase> <!-- @AfterMethod reportDataSetResult -->
  <testcase name="@AfterMethod QuitBrowser" time="-1.658737573286E9" classname="nsf.ecap.New_NSFOnline_Suite.BS_13_IM_CreateIssue_AdvSearch">
    <skipped/>
  </testcase> <!-- @AfterMethod QuitBrowser -->
  <testcase name="@AfterMethod reportDataSetResult" time="-1.658737573286E9" classname="nsf.ecap.New_NSFOnline_Suite.BS_13_IM_CreateIssue_AdvSearch">
    <skipped/>
  </testcase> <!-- @AfterMethod reportDataSetResult -->
  <testcase name="@AfterMethod QuitBrowser" time="-1.658737573286E9" classname="nsf.ecap.New_NSFOnline_Suite.BS_13_IM_CreateIssue_AdvSearch">
    <skipped/>
  </testcase> <!-- @AfterMethod QuitBrowser -->
  <testcase name="@AfterMethod reportDataSetResult" time="-1.658737573286E9" classname="nsf.ecap.New_NSFOnline_Suite.BS_13_IM_CreateIssue_AdvSearch">
    <skipped/>
  </testcase> <!-- @AfterMethod reportDataSetResult -->
  <testcase name="@AfterMethod QuitBrowser" time="-1.658737573286E9" classname="nsf.ecap.New_NSFOnline_Suite.BS_13_IM_CreateIssue_AdvSearch">
    <skipped/>
  </testcase> <!-- @AfterMethod QuitBrowser -->
  <testcase name="@AfterMethod reportDataSetResult" time="-1.658737573286E9" classname="nsf.ecap.New_NSFOnline_Suite.BS_13_IM_CreateIssue_AdvSearch">
    <skipped/>
  </testcase> <!-- @AfterMethod reportDataSetResult -->
  <testcase name="@AfterMethod QuitBrowser" time="-1.658737573286E9" classname="nsf.ecap.New_NSFOnline_Suite.BS_13_IM_CreateIssue_AdvSearch">
    <skipped/>
  </testcase> <!-- @AfterMethod QuitBrowser -->
  <testcase name="@AfterMethod reportDataSetResult" time="-1.658737573287E9" classname="nsf.ecap.New_NSFOnline_Suite.BS_13_IM_CreateIssue_AdvSearch">
    <skipped/>
  </testcase> <!-- @AfterMethod reportDataSetResult -->
  <testcase name="@AfterMethod QuitBrowser" time="-1.658737573287E9" classname="nsf.ecap.New_NSFOnline_Suite.BS_13_IM_CreateIssue_AdvSearch">
    <skipped/>
  </testcase> <!-- @AfterMethod QuitBrowser -->
  <testcase name="@AfterMethod reportDataSetResult" time="-1.658737573287E9" classname="nsf.ecap.New_NSFOnline_Suite.BS_13_IM_CreateIssue_AdvSearch">
    <skipped/>
  </testcase> <!-- @AfterMethod reportDataSetResult -->
  <testcase name="@AfterMethod QuitBrowser" time="-1.658737573287E9" classname="nsf.ecap.New_NSFOnline_Suite.BS_13_IM_CreateIssue_AdvSearch">
    <skipped/>
  </testcase> <!-- @AfterMethod QuitBrowser -->
  <testcase name="@AfterMethod reportDataSetResult" time="-1.658737573287E9" classname="nsf.ecap.New_NSFOnline_Suite.BS_13_IM_CreateIssue_AdvSearch">
    <skipped/>
  </testcase> <!-- @AfterMethod reportDataSetResult -->
  <testcase name="@AfterMethod QuitBrowser" time="-1.658737573287E9" classname="nsf.ecap.New_NSFOnline_Suite.BS_13_IM_CreateIssue_AdvSearch">
    <skipped/>
  </testcase> <!-- @AfterMethod QuitBrowser -->
  <testcase name="@AfterMethod reportDataSetResult" time="-1.658737573287E9" classname="nsf.ecap.New_NSFOnline_Suite.BS_13_IM_CreateIssue_AdvSearch">
    <skipped/>
  </testcase> <!-- @AfterMethod reportDataSetResult -->
  <testcase name="@AfterMethod QuitBrowser" time="-1.658737573287E9" classname="nsf.ecap.New_NSFOnline_Suite.BS_13_IM_CreateIssue_AdvSearch">
    <skipped/>
  </testcase> <!-- @AfterMethod QuitBrowser -->
  <testcase name="@AfterMethod reportDataSetResult" time="-1.658737573287E9" classname="nsf.ecap.New_NSFOnline_Suite.BS_13_IM_CreateIssue_AdvSearch">
    <skipped/>
  </testcase> <!-- @AfterMethod reportDataSetResult -->
  <testcase name="@AfterTest reportTestResult" time="-1.658737573287E9" classname="nsf.ecap.New_NSFOnline_Suite.BS_13_IM_CreateIssue_AdvSearch">
    <skipped/>
  </testcase> <!-- @AfterTest reportTestResult -->
  <testcase name="Create_Edit_issue_and_Verify_AllTabs_are_coming_Without_any_Error_for___" time="0.0" classname="nsf.ecap.New_NSFOnline_Suite.BS_13_IM_CreateIssue_AdvSearch">
    <skipped/>
  </testcase> <!-- Create_Edit_issue_and_Verify_AllTabs_are_coming_Without_any_Error_for___ -->
  <testcase name="Create_Edit_issue_and_Verify_AllTabs_are_coming_Without_any_Error_for___" time="0.0" classname="nsf.ecap.New_NSFOnline_Suite.BS_13_IM_CreateIssue_AdvSearch">
    <skipped/>
  </testcase> <!-- Create_Edit_issue_and_Verify_AllTabs_are_coming_Without_any_Error_for___ -->
  <testcase name="Create_Edit_issue_and_Verify_AllTabs_are_coming_Without_any_Error_for___" time="0.0" classname="nsf.ecap.New_NSFOnline_Suite.BS_13_IM_CreateIssue_AdvSearch">
    <skipped/>
  </testcase> <!-- Create_Edit_issue_and_Verify_AllTabs_are_coming_Without_any_Error_for___ -->
  <testcase name="Create_Edit_issue_and_Verify_AllTabs_are_coming_Without_any_Error_for___" time="0.0" classname="nsf.ecap.New_NSFOnline_Suite.BS_13_IM_CreateIssue_AdvSearch">
    <skipped/>
  </testcase> <!-- Create_Edit_issue_and_Verify_AllTabs_are_coming_Without_any_Error_for___ -->
  <testcase name="Create_Edit_issue_and_Verify_AllTabs_are_coming_Without_any_Error_for___" time="0.0" classname="nsf.ecap.New_NSFOnline_Suite.BS_13_IM_CreateIssue_AdvSearch">
    <skipped/>
  </testcase> <!-- Create_Edit_issue_and_Verify_AllTabs_are_coming_Without_any_Error_for___ -->
  <testcase name="Create_Edit_issue_and_Verify_AllTabs_are_coming_Without_any_Error_for___" time="0.0" classname="nsf.ecap.New_NSFOnline_Suite.BS_13_IM_CreateIssue_AdvSearch">
    <skipped/>
  </testcase> <!-- Create_Edit_issue_and_Verify_AllTabs_are_coming_Without_any_Error_for___ -->
  <testcase name="Create_Edit_issue_and_Verify_AllTabs_are_coming_Without_any_Error_for___" time="0.0" classname="nsf.ecap.New_NSFOnline_Suite.BS_13_IM_CreateIssue_AdvSearch">
    <skipped/>
  </testcase> <!-- Create_Edit_issue_and_Verify_AllTabs_are_coming_Without_any_Error_for___ -->
  <testcase name="Create_Edit_issue_and_Verify_AllTabs_are_coming_Without_any_Error_for___" time="0.0" classname="nsf.ecap.New_NSFOnline_Suite.BS_13_IM_CreateIssue_AdvSearch">
    <skipped/>
  </testcase> <!-- Create_Edit_issue_and_Verify_AllTabs_are_coming_Without_any_Error_for___ -->
  <testcase name="Create_Edit_issue_and_Verify_AllTabs_are_coming_Without_any_Error_for___" time="0.0" classname="nsf.ecap.New_NSFOnline_Suite.BS_13_IM_CreateIssue_AdvSearch">
    <skipped/>
  </testcase> <!-- Create_Edit_issue_and_Verify_AllTabs_are_coming_Without_any_Error_for___ -->
</testsuite> <!-- [BS-13] Create and Edit Issues -->
