<?xml version="1.0" encoding="UTF-8"?>
<!-- Generated by org.testng.reporters.JUnitXMLReporter -->
<testsuite hostname="INDEL-L-4B3JDM3" ignored="0" name="[BS-11] Create, Edit, Submit, Approve, Reject and Escalate Appeal" tests="5" failures="0" timestamp="2022-07-25T13:56:13 IST" time="0.001" errors="0">
  <testcase name="@BeforeTest checkTestSkip" time="-1.658737573273E9" classname="nsf.ecap.New_NSFOnline_Suite.BS_11_Appeal_Create_To_Review">
    <skipped/>
  </testcase> <!-- @BeforeTest checkTestSkip -->
  <testcase name="@AfterMethod QuitBrowser" time="-1.658737573274E9" classname="nsf.ecap.New_NSFOnline_Suite.BS_11_Appeal_Create_To_Review">
    <skipped/>
  </testcase> <!-- @AfterMethod QuitBrowser -->
  <testcase name="@AfterTest reportTestResult" time="-1.658737573274E9" classname="nsf.ecap.New_NSFOnline_Suite.BS_11_Appeal_Create_To_Review">
    <skipped/>
  </testcase> <!-- @AfterTest reportTestResult -->
  <testcase name="DB_Query__To_CleanUpData_of_AuditNumber_for_Creating_New_Appeal" time="0.0" classname="nsf.ecap.New_NSFOnline_Suite.BS_11_Appeal_Create_To_Review">
    <skipped/>
  </testcase> <!-- DB_Query__To_CleanUpData_of_AuditNumber_for_Creating_New_Appeal -->
  <testcase name="Submitter__Create_and_Submit__Appeal" time="0.0" classname="nsf.ecap.New_NSFOnline_Suite.BS_11_Appeal_Create_To_Review">
    <skipped/>
  </testcase> <!-- Submitter__Create_and_Submit__Appeal -->
  <testcase name="Approver__OpenSameAudit_SubmitedBySubmitter_Now_Approve_and_Reject_AppealsQuestions" time="0.0" classname="nsf.ecap.New_NSFOnline_Suite.BS_11_Appeal_Create_To_Review">
    <skipped/>
  </testcase> <!-- Approver__OpenSameAudit_SubmitedBySubmitter_Now_Approve_and_Reject_AppealsQuestions -->
  <testcase name="Submitter__OpenSameAudit_RejectedByApprover_Now_Escalate_the_RejcetedQuestion" time="0.0" classname="nsf.ecap.New_NSFOnline_Suite.BS_11_Appeal_Create_To_Review">
    <skipped/>
  </testcase> <!-- Submitter__OpenSameAudit_RejectedByApprover_Now_Escalate_the_RejcetedQuestion -->
  <testcase name="Approver__OpenSameAudit_EscalatedBySubmitter_Now_Reject_the_EscalatedQuestion_ViewQuestion" time="0.0" classname="nsf.ecap.New_NSFOnline_Suite.BS_11_Appeal_Create_To_Review">
    <skipped/>
  </testcase> <!-- Approver__OpenSameAudit_EscalatedBySubmitter_Now_Reject_the_EscalatedQuestion_ViewQuestion -->
</testsuite> <!-- [BS-11] Create, Edit, Submit, Approve, Reject and Escalate Appeal -->
