<?xml version="1.0" encoding="UTF-8"?>
<!-- Generated by org.testng.reporters.JUnitXMLReporter -->
<testsuite hostname="INDEL-L-4B3JDM3" ignored="0" name=" [BS-01]  Create_Invoice" tests="3" failures="0" timestamp="2022-06-23T17:11:52 IST" time="0.01" errors="0">
  <testcase name="@BeforeTest checkTestSkip" time="0.006" classname="nsf.ecap.Invoice_Function_suite.Create_Invoice">
    <skipped/>
  </testcase> <!-- @BeforeTest checkTestSkip -->
  <testcase name="@AfterMethod reportDataSetResult" time="-1.655984512952E9" classname="nsf.ecap.Invoice_Function_suite.Create_Invoice">
    <skipped/>
  </testcase> <!-- @AfterMethod reportDataSetResult -->
  <testcase name="@AfterMethod reportDataSetResult" time="-1.655984512953E9" classname="nsf.ecap.Invoice_Function_suite.Create_Invoice">
    <skipped/>
  </testcase> <!-- @AfterMethod reportDataSetResult -->
  <testcase name="@AfterMethod reportDataSetResult" time="-1.655984512954E9" classname="nsf.ecap.Invoice_Function_suite.Create_Invoice">
    <skipped/>
  </testcase> <!-- @AfterMethod reportDataSetResult -->
  <testcase name="@AfterTest reportTestResult" time="-1.655984512954E9" classname="nsf.ecap.Invoice_Function_suite.Create_Invoice">
    <skipped/>
  </testcase> <!-- @AfterTest reportTestResult -->
  <testcase name="Create_InvoiceFlow" time="0.0" classname="nsf.ecap.Invoice_Function_suite.Create_Invoice">
    <skipped/>
  </testcase> <!-- Create_InvoiceFlow -->
  <testcase name="Create_InvoiceFlow" time="0.0" classname="nsf.ecap.Invoice_Function_suite.Create_Invoice">
    <skipped/>
  </testcase> <!-- Create_InvoiceFlow -->
  <testcase name="Create_InvoiceFlow" time="0.0" classname="nsf.ecap.Invoice_Function_suite.Create_Invoice">
    <skipped/>
  </testcase> <!-- Create_InvoiceFlow -->
</testsuite> <!--  [BS-01]  Create_Invoice -->
