<?xml version="1.0" encoding="UTF-8"?>
<!-- Generated by org.testng.reporters.JUnitXMLReporter -->
<testsuite hostname="INDEL-L-4B3JDM3" ignored="0" name="[BS-01]  ModBrack_Certified" tests="13" failures="0" timestamp="2022-07-25T13:48:25 IST" time="0.002" errors="0">
  <testcase name="@BeforeSuite checkSuiteSkip" time="0.001" classname="nsf.ecap.Dietary_Supplement_suite.TestSuiteBase_Dietary_Supplement_suite">
    <skipped/>
  </testcase> <!-- @BeforeSuite checkSuiteSkip -->
  <testcase name="@BeforeTest checkTestSkip" time="-1.658737105764E9" classname="nsf.ecap.Dietary_Supplement_suite.ModBrack_Certified">
    <skipped/>
  </testcase> <!-- @BeforeTest checkTestSkip -->
  <testcase name="@AfterMethod reportDataSetResult" time="-1.658737105765E9" classname="nsf.ecap.Dietary_Supplement_suite.ModBrack_Certified">
    <skipped/>
  </testcase> <!-- @AfterMethod reportDataSetResult -->
  <testcase name="@AfterTest reportTestResult" time="-1.658737105766E9" classname="nsf.ecap.Dietary_Supplement_suite.ModBrack_Certified">
    <skipped/>
  </testcase> <!-- @AfterTest reportTestResult -->
  <testcase name="CreateWOFlow" time="0.0" classname="nsf.ecap.Dietary_Supplement_suite.ModBrack_Certified">
    <skipped/>
  </testcase> <!-- CreateWOFlow -->
  <testcase name="AddingData__Facility_Tab" time="0.0" classname="nsf.ecap.Dietary_Supplement_suite.ModBrack_Certified">
    <skipped/>
  </testcase> <!-- AddingData__Facility_Tab -->
  <testcase name="AddingData__Tasks_Tab" time="0.0" classname="nsf.ecap.Dietary_Supplement_suite.ModBrack_Certified">
    <skipped/>
  </testcase> <!-- AddingData__Tasks_Tab -->
  <testcase name="AddingData__Products_Tab" time="0.0" classname="nsf.ecap.Dietary_Supplement_suite.ModBrack_Certified">
    <skipped/>
  </testcase> <!-- AddingData__Products_Tab -->
  <testcase name="Verifying__DRAFT_INREVIEW_ModBrack" time="0.0" classname="nsf.ecap.Dietary_Supplement_suite.ModBrack_Certified">
    <skipped/>
  </testcase> <!-- Verifying__DRAFT_INREVIEW_ModBrack -->
  <testcase name="Client_Quote_Task" time="0.0" classname="nsf.ecap.Dietary_Supplement_suite.ModBrack_Certified">
    <skipped/>
  </testcase> <!-- Client_Quote_Task -->
  <testcase name="Mod_Brack_Review_Task" time="0.0" classname="nsf.ecap.Dietary_Supplement_suite.ModBrack_Certified">
    <skipped/>
  </testcase> <!-- Mod_Brack_Review_Task -->
  <testcase name="Testing_Task" time="0.0" classname="nsf.ecap.Dietary_Supplement_suite.ModBrack_Certified">
    <skipped/>
  </testcase> <!-- Testing_Task -->
  <testcase name="Completing_ClientDocRequestAI_And_Completing_ModBrackReview_Task" time="0.0" classname="nsf.ecap.Dietary_Supplement_suite.ModBrack_Certified">
    <skipped/>
  </testcase> <!-- Completing_ClientDocRequestAI_And_Completing_ModBrackReview_Task -->
  <testcase name="ModBrack_Revision_Execution_Quote" time="0.0" classname="nsf.ecap.Dietary_Supplement_suite.ModBrack_Certified">
    <skipped/>
  </testcase> <!-- ModBrack_Revision_Execution_Quote -->
  <testcase name="Certification_Decision_Task" time="0.0" classname="nsf.ecap.Dietary_Supplement_suite.ModBrack_Certified">
    <skipped/>
  </testcase> <!-- Certification_Decision_Task -->
  <testcase name="Verify_INPROCESS_to_COMPLETE_Automatically" time="0.0" classname="nsf.ecap.Dietary_Supplement_suite.ModBrack_Certified">
    <skipped/>
  </testcase> <!-- Verify_INPROCESS_to_COMPLETE_Automatically -->
  <testcase name="CLEANUP_WO_AUTOMATION_DATA" time="0.0" classname="nsf.ecap.Dietary_Supplement_suite.ModBrack_Certified">
    <skipped/>
  </testcase> <!-- CLEANUP_WO_AUTOMATION_DATA -->
</testsuite> <!-- [BS-01]  ModBrack_Certified -->
