<?xml version="1.0" encoding="UTF-8"?>
<!-- Generated by org.testng.reporters.JUnitXMLReporter -->
<testsuite hostname="INDEL-L-4B3JDM3" ignored="0" name=" [BS-01]  Cert_Standards" tests="6" failures="0" timestamp="2022-07-25T13:48:29 IST" time="0.006" errors="0">
  <testcase name="@BeforeSuite checkSuiteSkip" time="0.001" classname="nsf.ecap.SCFS_suite.TestSuiteBase_SCFS_suite">
    <skipped/>
  </testcase> <!-- @BeforeSuite checkSuiteSkip -->
  <testcase name="@BeforeTest checkTestSkip" time="-1.658737109969E9" classname="nsf.ecap.SCFS_suite.Cert_Standards">
    <skipped/>
  </testcase> <!-- @BeforeTest checkTestSkip -->
  <testcase name="@AfterMethod reportDataSetResult" time="-1.658737109973E9" classname="nsf.ecap.SCFS_suite.Cert_Standards">
    <skipped/>
  </testcase> <!-- @AfterMethod reportDataSetResult -->
  <testcase name="@AfterMethod reportDataSetResult" time="-1.658737109973E9" classname="nsf.ecap.SCFS_suite.Cert_Standards">
    <skipped/>
  </testcase> <!-- @AfterMethod reportDataSetResult -->
  <testcase name="@AfterMethod reportDataSetResult" time="-1.658737109974E9" classname="nsf.ecap.SCFS_suite.Cert_Standards">
    <skipped/>
  </testcase> <!-- @AfterMethod reportDataSetResult -->
  <testcase name="@AfterMethod reportDataSetResult" time="-1.658737109974E9" classname="nsf.ecap.SCFS_suite.Cert_Standards">
    <skipped/>
  </testcase> <!-- @AfterMethod reportDataSetResult -->
  <testcase name="@AfterMethod reportDataSetResult" time="-1.658737109974E9" classname="nsf.ecap.SCFS_suite.Cert_Standards">
    <skipped/>
  </testcase> <!-- @AfterMethod reportDataSetResult -->
  <testcase name="@AfterMethod reportDataSetResult" time="-1.658737109975E9" classname="nsf.ecap.SCFS_suite.Cert_Standards">
    <skipped/>
  </testcase> <!-- @AfterMethod reportDataSetResult -->
  <testcase name="@AfterTest closebrowser" time="-1.658737109975E9" classname="nsf.ecap.SCFS_suite.Cert_Standards">
    <skipped/>
  </testcase> <!-- @AfterTest closebrowser -->
  <testcase name="@AfterTest reportTestResult" time="-1.658737109975E9" classname="nsf.ecap.SCFS_suite.Cert_Standards">
    <skipped/>
  </testcase> <!-- @AfterTest reportTestResult -->
  <testcase name="Cert_Standards_flow" time="0.0" classname="nsf.ecap.SCFS_suite.Cert_Standards">
    <skipped/>
  </testcase> <!-- Cert_Standards_flow -->
  <testcase name="Cert_Standards_flow" time="0.0" classname="nsf.ecap.SCFS_suite.Cert_Standards">
    <skipped/>
  </testcase> <!-- Cert_Standards_flow -->
  <testcase name="Cert_Standards_flow" time="0.0" classname="nsf.ecap.SCFS_suite.Cert_Standards">
    <skipped/>
  </testcase> <!-- Cert_Standards_flow -->
  <testcase name="Cert_Standards_flow" time="0.0" classname="nsf.ecap.SCFS_suite.Cert_Standards">
    <skipped/>
  </testcase> <!-- Cert_Standards_flow -->
  <testcase name="Cert_Standards_flow" time="0.0" classname="nsf.ecap.SCFS_suite.Cert_Standards">
    <skipped/>
  </testcase> <!-- Cert_Standards_flow -->
  <testcase name="Cert_Standards_flow" time="0.0" classname="nsf.ecap.SCFS_suite.Cert_Standards">
    <skipped/>
  </testcase> <!-- Cert_Standards_flow -->
</testsuite> <!--  [BS-01]  Cert_Standards -->
