<?xml version="1.0" encoding="UTF-8"?>
<!-- Generated by org.testng.reporters.JUnitXMLReporter -->
<testsuite hostname="INDEL-L-4B3JDM3" ignored="0" name=" [BS-02]  Proposal_Lost" tests="1" failures="0" timestamp="2022-07-25T13:48:19 IST" time="0.008" errors="0">
  <testcase name="@BeforeTest checkTestSkip" time="-1.658737099965E9" classname="nsf.ecap.Proposals_suite.Proposal_Lost">
    <skipped/>
  </testcase> <!-- @BeforeTest checkTestSkip -->
  <testcase name="@AfterMethod reportDataSetResult" time="-1.658737099971E9" classname="nsf.ecap.Proposals_suite.Proposal_Lost">
    <skipped/>
  </testcase> <!-- @AfterMethod reportDataSetResult -->
  <testcase name="@AfterTest closebrowser" time="-1.658737099972E9" classname="nsf.ecap.Proposals_suite.Proposal_Lost">
    <skipped/>
  </testcase> <!-- @AfterTest closebrowser -->
  <testcase name="@AfterTest reportTestResult" time="-1.658737099973E9" classname="nsf.ecap.Proposals_suite.Proposal_Lost">
    <skipped/>
  </testcase> <!-- @AfterTest reportTestResult -->
  <testcase name="Proposal_flow" time="0.0" classname="nsf.ecap.Proposals_suite.Proposal_Lost">
    <skipped/>
  </testcase> <!-- Proposal_flow -->
</testsuite> <!--  [BS-02]  Proposal_Lost -->
