<?xml version="1.0" encoding="UTF-8"?>
<!-- Generated by org.testng.reporters.JUnitXMLReporter -->
<testsuite hostname="INDEL-L-4B3JDM3" ignored="0" name="[BS-16]  Verify Alerts color Sorting" tests="5" failures="0" timestamp="2022-06-16T10:13:53 IST" time="0.004" errors="0">
  <testcase name="@BeforeTest checkTestSkip" time="-1.655354633386E9" classname="nsf.ecap.New_NSFOnline_Suite.BS_16_Alerts_SortOder">
    <skipped/>
  </testcase> <!-- @BeforeTest checkTestSkip -->
  <testcase name="@AfterTest QuitBrowser" time="-1.65535463339E9" classname="nsf.ecap.New_NSFOnline_Suite.BS_16_Alerts_SortOder">
    <skipped/>
  </testcase> <!-- @AfterTest QuitBrowser -->
  <testcase name="@AfterTest reportTestResult" time="-1.65535463339E9" classname="nsf.ecap.New_NSFOnline_Suite.BS_16_Alerts_SortOder">
    <skipped/>
  </testcase> <!-- @AfterTest reportTestResult -->
  <testcase name="Launch_Browser_and_Successfully_Login_into_the_Application" time="0.0" classname="nsf.ecap.New_NSFOnline_Suite.BS_16_Alerts_SortOder">
    <skipped/>
  </testcase> <!-- Launch_Browser_and_Successfully_Login_into_the_Application -->
  <testcase name="Create_New_View_With_Different_Alerts_under_Site_Module" time="0.0" classname="nsf.ecap.New_NSFOnline_Suite.BS_16_Alerts_SortOder">
    <skipped/>
  </testcase> <!-- Create_New_View_With_Different_Alerts_under_Site_Module -->
  <testcase name="Verify_Alerts_Generated_with_Correct_Color_under_Site_Section" time="0.0" classname="nsf.ecap.New_NSFOnline_Suite.BS_16_Alerts_SortOder">
    <skipped/>
  </testcase> <!-- Verify_Alerts_Generated_with_Correct_Color_under_Site_Section -->
  <testcase name="Verify_Alerts_Color_Sorting___Red_Orange_Green_Gray___under_Site_Section" time="0.0" classname="nsf.ecap.New_NSFOnline_Suite.BS_16_Alerts_SortOder">
    <skipped/>
  </testcase> <!-- Verify_Alerts_Color_Sorting___Red_Orange_Green_Gray___under_Site_Section -->
  <testcase name="Verify_Entity_Order_on_AlertsScreen" time="0.0" classname="nsf.ecap.New_NSFOnline_Suite.BS_16_Alerts_SortOder">
    <skipped/>
  </testcase> <!-- Verify_Entity_Order_on_AlertsScreen -->
</testsuite> <!-- [BS-16]  Verify Alerts color Sorting -->
