<?xml version="1.0" encoding="UTF-8"?>
<!-- Generated by org.testng.reporters.JUnitXMLReporter -->
<testsuite hostname="INDEL-L-4B3JDM3" ignored="0" name="[BS-35]  User Registration" tests="4" failures="0" timestamp="2022-06-16T10:13:53 IST" time="0.003" errors="0">
  <testcase name="@BeforeTest checkTestSkip" time="-1.655354633544E9" classname="nsf.ecap.New_NSFOnline_Suite.BS_35_User_Registration">
    <skipped/>
  </testcase> <!-- @BeforeTest checkTestSkip -->
  <testcase name="@AfterTest QuitBrowser" time="-1.655354633547E9" classname="nsf.ecap.New_NSFOnline_Suite.BS_35_User_Registration">
    <skipped/>
  </testcase> <!-- @AfterTest QuitBrowser -->
  <testcase name="@AfterTest reportTestResult" time="-1.655354633547E9" classname="nsf.ecap.New_NSFOnline_Suite.BS_35_User_Registration">
    <skipped/>
  </testcase> <!-- @AfterTest reportTestResult -->
  <testcase name="Open_Registration_Page_And_Complete_Registration_Form" time="0.0" classname="nsf.ecap.New_NSFOnline_Suite.BS_35_User_Registration">
    <skipped/>
  </testcase> <!-- Open_Registration_Page_And_Complete_Registration_Form -->
  <testcase name="Launch_Browser_and_Successfully_Login_into_the_Application" time="0.0" classname="nsf.ecap.New_NSFOnline_Suite.BS_35_User_Registration">
    <skipped/>
  </testcase> <!-- Launch_Browser_and_Successfully_Login_into_the_Application -->
  <testcase name="Verify_Create_Edit_Delete_View_and_Setup_New_User_And_AddNewUser_GivePermissions_From_Registartion" time="0.0" classname="nsf.ecap.New_NSFOnline_Suite.BS_35_User_Registration">
    <skipped/>
  </testcase> <!-- Verify_Create_Edit_Delete_View_and_Setup_New_User_And_AddNewUser_GivePermissions_From_Registartion -->
  <testcase name="Login_with_NewlyCreatedUser_ForcePasswordChange_And_AgainVerifyLoginSuccessfully" time="0.0" classname="nsf.ecap.New_NSFOnline_Suite.BS_35_User_Registration">
    <skipped/>
  </testcase> <!-- Login_with_NewlyCreatedUser_ForcePasswordChange_And_AgainVerifyLoginSuccessfully -->
</testsuite> <!-- [BS-35]  User Registration -->
