<?xml version="1.0" encoding="UTF-8"?>
<!-- Generated by org.testng.reporters.JUnitXMLReporter -->
<testsuite hostname="INDEL-L-4B3JDM3" ignored="0" name="[BS-10] BK Admin Test Case" tests="6" failures="0" timestamp="2022-06-16T10:13:53 IST" time="0.003" errors="0">
  <testcase name="@BeforeTest checkTestSkip" time="-1.6553546333E9" classname="nsf.ecap.New_NSFOnline_Suite.BS_10_BkAdmin">
    <skipped/>
  </testcase> <!-- @BeforeTest checkTestSkip -->
  <testcase name="@AfterTest QuitBrowser" time="-1.655354633302E9" classname="nsf.ecap.New_NSFOnline_Suite.BS_10_BkAdmin">
    <skipped/>
  </testcase> <!-- @AfterTest QuitBrowser -->
  <testcase name="@AfterTest reportTestResult" time="-1.655354633303E9" classname="nsf.ecap.New_NSFOnline_Suite.BS_10_BkAdmin">
    <skipped/>
  </testcase> <!-- @AfterTest reportTestResult -->
  <testcase name="Case_1_Approver__Verify_ListedMenu_and_TopRightButtons_Coming_on_LandingScreen" time="0.0" classname="nsf.ecap.New_NSFOnline_Suite.BS_10_BkAdmin">
    <skipped/>
  </testcase> <!-- Case_1_Approver__Verify_ListedMenu_and_TopRightButtons_Coming_on_LandingScreen -->
  <testcase name="Case_1_Approver__ClickOn_SiteAjax_OpenSite_then_OpenAudit_Download_Audit_and_CAR_Reports" time="0.0" classname="nsf.ecap.New_NSFOnline_Suite.BS_10_BkAdmin">
    <skipped/>
  </testcase> <!-- Case_1_Approver__ClickOn_SiteAjax_OpenSite_then_OpenAudit_Download_Audit_and_CAR_Reports -->
  <testcase name="Case_1_Approver__Reviewer_Click_on_Alert_ActionPlansPendingApproval_then_Perform_CA_Approve_Reject_AdditionalInfoRequested" time="0.0" classname="nsf.ecap.New_NSFOnline_Suite.BS_10_BkAdmin">
    <skipped/>
  </testcase> <!-- Case_1_Approver__Reviewer_Click_on_Alert_ActionPlansPendingApproval_then_Perform_CA_Approve_Reject_AdditionalInfoRequested -->
  <testcase name="Case_2_Submitter__Verify_ListedMenu_Coming_on_LandingScreen" time="0.0" classname="nsf.ecap.New_NSFOnline_Suite.BS_10_BkAdmin">
    <skipped/>
  </testcase> <!-- Case_2_Submitter__Verify_ListedMenu_Coming_on_LandingScreen -->
  <testcase name="Case_2_Submitter__ClickOn_AuditAjax_OpenAudit_Download_Audit_and_CAR_Reports" time="0.0" classname="nsf.ecap.New_NSFOnline_Suite.BS_10_BkAdmin">
    <skipped/>
  </testcase> <!-- Case_2_Submitter__ClickOn_AuditAjax_OpenAudit_Download_Audit_and_CAR_Reports -->
  <testcase name="Case_2_Submitter__Click_on_Alert_OpenAudit_then_Click_Respond_for_Pending_CA_and_SubmitAll" time="0.0" classname="nsf.ecap.New_NSFOnline_Suite.BS_10_BkAdmin">
    <skipped/>
  </testcase> <!-- Case_2_Submitter__Click_on_Alert_OpenAudit_then_Click_Respond_for_Pending_CA_and_SubmitAll -->
</testsuite> <!-- [BS-10] BK Admin Test Case -->
