<?xml version="1.0" encoding="UTF-8"?>
<!-- Generated by org.testng.reporters.JUnitXMLReporter -->
<testsuite hostname="INDEL-L-4B3JDM3" ignored="0" name="Sanity Testing" tests="1" failures="0" timestamp="2022-06-16T10:13:53 IST" time="0.0" errors="0">
  <testcase name="@BeforeSuite checkSuiteSkip" time="0.001" classname="nsf.ecap.New_NSFOnline_Suite.TestSuiteBase_New_NSFOnline">
    <skipped/>
  </testcase> <!-- @BeforeSuite checkSuiteSkip -->
  <testcase name="@BeforeTest checkTestSkip" time="-1.655354633601E9" classname="nsf.ecap.New_NSFOnline_Suite.Sanity_testing">
    <skipped/>
  </testcase> <!-- @BeforeTest checkTestSkip -->
  <testcase name="BS_01_Script_will_Continue_if_this_Step_Fail_______Verify_Login_Authentication_for_Incorrect_Password" time="0.0" classname="nsf.ecap.New_NSFOnline_Suite.Sanity_testing">
    <skipped/>
  </testcase> <!-- BS_01_Script_will_Continue_if_this_Step_Fail_______Verify_Login_Authentication_for_Incorrect_Password -->
</testsuite> <!-- Sanity Testing -->
