<?xml version="1.0" encoding="UTF-8"?>
<!-- Generated by org.testng.reporters.JUnitXMLReporter -->
<testsuite hostname="INDEL-L-4B3JDM3" ignored="0" name="[BS-10]  WO_Annual" tests="14" failures="0" timestamp="2022-06-23T17:11:36 IST" time="0.016" errors="0">
  <testcase name="@BeforeTest checkTestSkip" time="-1.655984496451E9" classname="nsf.ecap.Work_Order_suite.WO_Annual">
    <skipped/>
  </testcase> <!-- @BeforeTest checkTestSkip -->
  <testcase name="@AfterTest reportTestResult" time="-1.655984496467E9" classname="nsf.ecap.Work_Order_suite.WO_Annual">
    <skipped/>
  </testcase> <!-- @AfterTest reportTestResult -->
  <testcase name="CreateWOFlow" time="0.0" classname="nsf.ecap.Work_Order_suite.WO_Annual">
    <skipped/>
  </testcase> <!-- CreateWOFlow -->
  <testcase name="WOAnnual_AddingData__Facility_Tab" time="0.0" classname="nsf.ecap.Work_Order_suite.WO_Annual">
    <skipped/>
  </testcase> <!-- WOAnnual_AddingData__Facility_Tab -->
  <testcase name="AddingData__Tasks_Tab" time="0.0" classname="nsf.ecap.Work_Order_suite.WO_Annual">
    <skipped/>
  </testcase> <!-- AddingData__Tasks_Tab -->
  <testcase name="AddingData__Products_Tab" time="0.0" classname="nsf.ecap.Work_Order_suite.WO_Annual">
    <skipped/>
  </testcase> <!-- AddingData__Products_Tab -->
  <testcase name="AddingData__Documents_Tab" time="0.0" classname="nsf.ecap.Work_Order_suite.WO_Annual">
    <skipped/>
  </testcase> <!-- AddingData__Documents_Tab -->
  <testcase name="AddingData__Financials_Tab" time="0.0" classname="nsf.ecap.Work_Order_suite.WO_Annual">
    <skipped/>
  </testcase> <!-- AddingData__Financials_Tab -->
  <testcase name="Verifying__ActionItems_Tab" time="0.0" classname="nsf.ecap.Work_Order_suite.WO_Annual">
    <skipped/>
  </testcase> <!-- Verifying__ActionItems_Tab -->
  <testcase name="WOAnnual__DRAFT_INPROCESS" time="0.0" classname="nsf.ecap.Work_Order_suite.WO_Annual">
    <skipped/>
  </testcase> <!-- WOAnnual__DRAFT_INPROCESS -->
  <testcase name="Verify_AnnualListing_ProfessionalServices_Task_Completed" time="0.0" classname="nsf.ecap.Work_Order_suite.WO_Annual">
    <skipped/>
  </testcase> <!-- Verify_AnnualListing_ProfessionalServices_Task_Completed -->
  <testcase name="Verify_Alerts_Generated" time="0.0" classname="nsf.ecap.Work_Order_suite.WO_Annual">
    <skipped/>
  </testcase> <!-- Verify_Alerts_Generated -->
  <testcase name="InVoice_Completed" time="0.0" classname="nsf.ecap.Work_Order_suite.WO_Annual">
    <skipped/>
  </testcase> <!-- InVoice_Completed -->
  <testcase name="WOAnnual_INPROCESS_COMPLETE" time="0.0" classname="nsf.ecap.Work_Order_suite.WO_Annual">
    <skipped/>
  </testcase> <!-- WOAnnual_INPROCESS_COMPLETE -->
  <testcase name="App_Memory_StackTrace" time="0.0" classname="nsf.ecap.Work_Order_suite.WO_Annual">
    <skipped/>
  </testcase> <!-- App_Memory_StackTrace -->
  <testcase name="CLEANUP_WO_AUTOMATION_DATA" time="0.0" classname="nsf.ecap.Work_Order_suite.WO_Annual">
    <skipped/>
  </testcase> <!-- CLEANUP_WO_AUTOMATION_DATA -->
</testsuite> <!-- [BS-10]  WO_Annual -->
