<?xml version="1.0" encoding="UTF-8"?>
<!-- Generated by org.testng.reporters.JUnitXMLReporter -->
<testsuite hostname="INDEL-L-4B3JDM3" ignored="0" name="[BS-09]  NN_Upto_Fac_Created_after Lit_PhyEval_Completed" tests="25" failures="0" timestamp="2022-06-23T17:11:36 IST" time="0.037" errors="0">
  <testcase name="@BeforeTest checkTestSkip" time="-1.655984496401E9" classname="nsf.ecap.Work_Order_suite.NN_Upto_Fac_Created">
    <skipped/>
  </testcase> <!-- @BeforeTest checkTestSkip -->
  <testcase name="@AfterTest reportTestResult" time="-1.655984496437E9" classname="nsf.ecap.Work_Order_suite.NN_Upto_Fac_Created">
    <skipped/>
  </testcase> <!-- @AfterTest reportTestResult -->
  <testcase name="CreateWOFlow" time="0.0" classname="nsf.ecap.Work_Order_suite.NN_Upto_Fac_Created">
    <skipped/>
  </testcase> <!-- CreateWOFlow -->
  <testcase name="Check_alert_DRAFT_Status_N_AssignedWithTaskSetupIncomplete" time="0.0" classname="nsf.ecap.Work_Order_suite.NN_Upto_Fac_Created">
    <skipped/>
  </testcase> <!-- Check_alert_DRAFT_Status_N_AssignedWithTaskSetupIncomplete -->
  <testcase name="AddingData__Facility_Tab" time="0.0" classname="nsf.ecap.Work_Order_suite.NN_Upto_Fac_Created">
    <skipped/>
  </testcase> <!-- AddingData__Facility_Tab -->
  <testcase name="AddingData__Tasks_Tab" time="0.0" classname="nsf.ecap.Work_Order_suite.NN_Upto_Fac_Created">
    <skipped/>
  </testcase> <!-- AddingData__Tasks_Tab -->
  <testcase name="AddingData__Products_Tab" time="0.0" classname="nsf.ecap.Work_Order_suite.NN_Upto_Fac_Created">
    <skipped/>
  </testcase> <!-- AddingData__Products_Tab -->
  <testcase name="AddingData__Documents_Tab" time="0.0" classname="nsf.ecap.Work_Order_suite.NN_Upto_Fac_Created">
    <skipped/>
  </testcase> <!-- AddingData__Documents_Tab -->
  <testcase name="AddingData__Financials_Tab" time="0.0" classname="nsf.ecap.Work_Order_suite.NN_Upto_Fac_Created">
    <skipped/>
  </testcase> <!-- AddingData__Financials_Tab -->
  <testcase name="Verifying__ActionItems_Tab" time="0.0" classname="nsf.ecap.Work_Order_suite.NN_Upto_Fac_Created">
    <skipped/>
  </testcase> <!-- Verifying__ActionItems_Tab -->
  <testcase name="InsertValueForTR_LER_PER_QC" time="0.0" classname="nsf.ecap.Work_Order_suite.NN_Upto_Fac_Created">
    <skipped/>
  </testcase> <!-- InsertValueForTR_LER_PER_QC -->
  <testcase name="Check_RemoveAlert_AssignedWithTaskSetupIncomplete" time="0.0" classname="nsf.ecap.Work_Order_suite.NN_Upto_Fac_Created">
    <skipped/>
  </testcase> <!-- Check_RemoveAlert_AssignedWithTaskSetupIncomplete -->
  <testcase name="Verifying__DRAFT_INREVIEW" time="0.0" classname="nsf.ecap.Work_Order_suite.NN_Upto_Fac_Created">
    <skipped/>
  </testcase> <!-- Verifying__DRAFT_INREVIEW -->
  <testcase name="Check_alerts_DRAFT_INREVIEW" time="0.0" classname="nsf.ecap.Work_Order_suite.NN_Upto_Fac_Created">
    <skipped/>
  </testcase> <!-- Check_alerts_DRAFT_INREVIEW -->
  <testcase name="Client_App_Review_Task" time="0.0" classname="nsf.ecap.Work_Order_suite.NN_Upto_Fac_Created">
    <skipped/>
  </testcase> <!-- Client_App_Review_Task -->
  <testcase name="Check_RemoveAlert_Client_App_Review_Task" time="0.0" classname="nsf.ecap.Work_Order_suite.NN_Upto_Fac_Created">
    <skipped/>
  </testcase> <!-- Check_RemoveAlert_Client_App_Review_Task -->
  <testcase name="Scope_Validation_Task" time="0.0" classname="nsf.ecap.Work_Order_suite.NN_Upto_Fac_Created">
    <skipped/>
  </testcase> <!-- Scope_Validation_Task -->
  <testcase name="VerifySampleSelectionReviewer" time="0.0" classname="nsf.ecap.Work_Order_suite.NN_Upto_Fac_Created">
    <skipped/>
  </testcase> <!-- VerifySampleSelectionReviewer -->
  <testcase name="VerifyStatus_InReview_To_InProcess_N_checkAlerts" time="0.0" classname="nsf.ecap.Work_Order_suite.NN_Upto_Fac_Created">
    <skipped/>
  </testcase> <!-- VerifyStatus_InReview_To_InProcess_N_checkAlerts -->
  <testcase name="Supplier_Forms_task" time="0.0" classname="nsf.ecap.Work_Order_suite.NN_Upto_Fac_Created">
    <skipped/>
  </testcase> <!-- Supplier_Forms_task -->
  <testcase name="Verify_Supplier_Forms_Task_Alerts" time="0.0" classname="nsf.ecap.Work_Order_suite.NN_Upto_Fac_Created">
    <skipped/>
  </testcase> <!-- Verify_Supplier_Forms_Task_Alerts -->
  <testcase name="Sample_Selection_Process_N_CheckAlerts" time="0.0" classname="nsf.ecap.Work_Order_suite.NN_Upto_Fac_Created">
    <skipped/>
  </testcase> <!-- Sample_Selection_Process_N_CheckAlerts -->
  <testcase name="RestartBrowserNLogin" time="0.0" classname="nsf.ecap.Work_Order_suite.NN_Upto_Fac_Created">
    <skipped/>
  </testcase> <!-- RestartBrowserNLogin -->
  <testcase name="VerifyPhyEvalReviewer" time="0.0" classname="nsf.ecap.Work_Order_suite.NN_Upto_Fac_Created">
    <skipped/>
  </testcase> <!-- VerifyPhyEvalReviewer -->
  <testcase name="Literature_Eval" time="0.0" classname="nsf.ecap.Work_Order_suite.NN_Upto_Fac_Created">
    <skipped/>
  </testcase> <!-- Literature_Eval -->
  <testcase name="RestartBrowserNLogin2" time="0.0" classname="nsf.ecap.Work_Order_suite.NN_Upto_Fac_Created">
    <skipped/>
  </testcase> <!-- RestartBrowserNLogin2 -->
  <testcase name="Physical_Eval_With_Alerts" time="0.0" classname="nsf.ecap.Work_Order_suite.NN_Upto_Fac_Created">
    <skipped/>
  </testcase> <!-- Physical_Eval_With_Alerts -->
</testsuite> <!-- [BS-09]  NN_Upto_Fac_Created_after Lit_PhyEval_Completed -->
