<?xml version="1.0" encoding="UTF-8"?>
<!-- Generated by org.testng.reporters.JUnitXMLReporter -->
<testsuite hostname="INDEL-L-4B3JDM3" ignored="1" name="[BS-11]  WO_Custom" tests="18" failures="0" timestamp="2022-06-23T17:11:36 IST" time="0.012" errors="0">
  <testcase name="@BeforeTest checkTestSkip" time="-1.655984496481E9" classname="nsf.ecap.Work_Order_suite.WO_Custom">
    <skipped/>
  </testcase> <!-- @BeforeTest checkTestSkip -->
  <testcase name="@AfterTest reportTestResult" time="-1.655984496493E9" classname="nsf.ecap.Work_Order_suite.WO_Custom">
    <skipped/>
  </testcase> <!-- @AfterTest reportTestResult -->
  <testcase name="CreateWOFlow" time="0.0" classname="nsf.ecap.Work_Order_suite.WO_Custom">
    <skipped/>
  </testcase> <!-- CreateWOFlow -->
  <testcase name="Check_alert_DRAFT_Status_N_AssignedWithTaskSetupIncomplete" time="0.0" classname="nsf.ecap.Work_Order_suite.WO_Custom">
    <skipped/>
  </testcase> <!-- Check_alert_DRAFT_Status_N_AssignedWithTaskSetupIncomplete -->
  <testcase name="AddingData__Facility_Tab" time="0.001" classname="nsf.ecap.Work_Order_suite.WO_Custom">
    <skipped/>
  </testcase> <!-- AddingData__Facility_Tab -->
  <testcase name="Custom_AddingData__Tasks_Tab" time="0.0" classname="nsf.ecap.Work_Order_suite.WO_Custom">
    <skipped/>
  </testcase> <!-- Custom_AddingData__Tasks_Tab -->
  <testcase name="AddingData__Products_Tab" time="0.0" classname="nsf.ecap.Work_Order_suite.WO_Custom">
    <skipped/>
  </testcase> <!-- AddingData__Products_Tab -->
  <testcase name="AddingData__Documents_Tab" time="0.0" classname="nsf.ecap.Work_Order_suite.WO_Custom">
    <skipped/>
  </testcase> <!-- AddingData__Documents_Tab -->
  <testcase name="AddingData__Financials_Tab" time="0.0" classname="nsf.ecap.Work_Order_suite.WO_Custom">
    <skipped/>
  </testcase> <!-- AddingData__Financials_Tab -->
  <testcase name="Verifying__ActionItems_Tab" time="0.0" classname="nsf.ecap.Work_Order_suite.WO_Custom">
    <skipped/>
  </testcase> <!-- Verifying__ActionItems_Tab -->
  <testcase name="Custom_Verifying__DRAFT_INREVIEW" time="0.0" classname="nsf.ecap.Work_Order_suite.WO_Custom">
    <skipped/>
  </testcase> <!-- Custom_Verifying__DRAFT_INREVIEW -->
  <testcase name="Custom_Client_App_Review_Task" time="0.0" classname="nsf.ecap.Work_Order_suite.WO_Custom">
    <skipped/>
  </testcase> <!-- Custom_Client_App_Review_Task -->
  <testcase name="Manually_SupplierFormsReady" time="0.0" classname="nsf.ecap.Work_Order_suite.WO_Custom">
    <skipped/>
  </testcase> <!-- Manually_SupplierFormsReady -->
  <testcase name="Custom_WO_Manually_Status_Change_To_InProcess" time="0.0" classname="nsf.ecap.Work_Order_suite.WO_Custom">
    <skipped/>
  </testcase> <!-- Custom_WO_Manually_Status_Change_To_InProcess -->
  <testcase name="Custom_WO_Alerts_Verify" time="0.0" classname="nsf.ecap.Work_Order_suite.WO_Custom">
    <skipped/>
  </testcase> <!-- Custom_WO_Alerts_Verify -->
  <testcase name="Supplier_Forms_task" time="0.0" classname="nsf.ecap.Work_Order_suite.WO_Custom">
    <skipped/>
  </testcase> <!-- Supplier_Forms_task -->
  <testcase name="Technical_Review_Task" time="0.0" classname="nsf.ecap.Work_Order_suite.WO_Custom">
    <skipped/>
  </testcase> <!-- Technical_Review_Task -->
  <testcase name="Custom_WO_Certification_Decision_Task" time="0.0" classname="nsf.ecap.Work_Order_suite.WO_Custom">
    <skipped/>
  </testcase> <!-- Custom_WO_Certification_Decision_Task -->
  <testcase name="Custom_WO_INPROCESS_to_COMPLETE" time="0.0" classname="nsf.ecap.Work_Order_suite.WO_Custom">
    <skipped/>
  </testcase> <!-- Custom_WO_INPROCESS_to_COMPLETE -->
  <testcase name="CLEANUP_WO_AUTOMATION_DATA" time="0.0" classname="nsf.ecap.Work_Order_suite.WO_Custom">
    <skipped/>
  </testcase> <!-- CLEANUP_WO_AUTOMATION_DATA -->
  <testcase name="App_Memory_StackTrace" time="0.0" classname="nsf.ecap.Work_Order_suite.WO_Custom">
    <ignored/>
  </testcase> <!-- App_Memory_StackTrace -->
</testsuite> <!-- [BS-11]  WO_Custom -->
