<?xml version="1.0" encoding="UTF-8"?>
<!-- Generated by org.testng.reporters.JUnitXMLReporter -->
<testsuite hostname="INDEL-L-4B3JDM3" ignored="0" name="[BS-14]  BulkAssign_ChangeAssignTo" tests="1" failures="0" timestamp="2022-06-23T17:11:36 IST" time="0.003" errors="0">
  <testcase name="@BeforeTest checkTestSkip" time="-1.655984496547E9" classname="nsf.ecap.Work_Order_suite.BulkAssign_ChangeAssignTo">
    <skipped/>
  </testcase> <!-- @BeforeTest checkTestSkip -->
  <testcase name="@AfterTest closebrowser" time="-1.655984496548E9" classname="nsf.ecap.Work_Order_suite.BulkAssign_ChangeAssignTo">
    <skipped/>
  </testcase> <!-- @AfterTest closebrowser -->
  <testcase name="@AfterTest reportTestResult" time="-1.655984496548E9" classname="nsf.ecap.Work_Order_suite.BulkAssign_ChangeAssignTo">
    <skipped/>
  </testcase> <!-- @AfterTest reportTestResult -->
  <testcase name="BulkAssignment_Flow" time="0.0" classname="nsf.ecap.Work_Order_suite.BulkAssign_ChangeAssignTo">
    <skipped/>
  </testcase> <!-- BulkAssignment_Flow -->
</testsuite> <!-- [BS-14]  BulkAssign_ChangeAssignTo -->
