<?xml version="1.0" encoding="UTF-8"?>
<!-- Generated by org.testng.reporters.JUnitXMLReporter -->
<testsuite hostname="INDEL-L-4B3JDM3" ignored="0" name="[BS-01]  NFC_ExistingNew_Draft_Complete" tests="14" failures="0" timestamp="2022-07-25T13:48:23 IST" time="0.004" errors="0">
  <testcase name="@BeforeSuite checkSuiteSkip" time="0.001" classname="nsf.ecap.Non_Food_Compounds_suite.TestSuiteBase_Non_Food_Compounds_suite">
    <skipped/>
  </testcase> <!-- @BeforeSuite checkSuiteSkip -->
  <testcase name="@BeforeTest checkTestSkip" time="-1.658737103225E9" classname="nsf.ecap.Non_Food_Compounds_suite.NFC_ExistingNew_Draft_Complete">
    <skipped/>
  </testcase> <!-- @BeforeTest checkTestSkip -->
  <testcase name="@AfterMethod reportDataSetResult" time="-1.658737103227E9" classname="nsf.ecap.Non_Food_Compounds_suite.NFC_ExistingNew_Draft_Complete">
    <skipped/>
  </testcase> <!-- @AfterMethod reportDataSetResult -->
  <testcase name="@AfterTest reportTestResult" time="-1.658737103229E9" classname="nsf.ecap.Non_Food_Compounds_suite.NFC_ExistingNew_Draft_Complete">
    <skipped/>
  </testcase> <!-- @AfterTest reportTestResult -->
  <testcase name="CreateWOFlow" time="0.0" classname="nsf.ecap.Non_Food_Compounds_suite.NFC_ExistingNew_Draft_Complete">
    <skipped/>
  </testcase> <!-- CreateWOFlow -->
  <testcase name="AddingData__Facility_Tab" time="0.0" classname="nsf.ecap.Non_Food_Compounds_suite.NFC_ExistingNew_Draft_Complete">
    <skipped/>
  </testcase> <!-- AddingData__Facility_Tab -->
  <testcase name="AddingData__Tasks_Tab" time="0.0" classname="nsf.ecap.Non_Food_Compounds_suite.NFC_ExistingNew_Draft_Complete">
    <skipped/>
  </testcase> <!-- AddingData__Tasks_Tab -->
  <testcase name="AddingData__Products_Tab" time="0.0" classname="nsf.ecap.Non_Food_Compounds_suite.NFC_ExistingNew_Draft_Complete">
    <skipped/>
  </testcase> <!-- AddingData__Products_Tab -->
  <testcase name="Verifying__DRAFT_INREVIEW" time="0.0" classname="nsf.ecap.Non_Food_Compounds_suite.NFC_ExistingNew_Draft_Complete">
    <skipped/>
  </testcase> <!-- Verifying__DRAFT_INREVIEW -->
  <testcase name="Completing_ClientDocRequestAI" time="0.0" classname="nsf.ecap.Non_Food_Compounds_suite.NFC_ExistingNew_Draft_Complete">
    <skipped/>
  </testcase> <!-- Completing_ClientDocRequestAI -->
  <testcase name="Lit_Eval" time="0.0" classname="nsf.ecap.Non_Food_Compounds_suite.NFC_ExistingNew_Draft_Complete">
    <skipped/>
  </testcase> <!-- Lit_Eval -->
  <testcase name="Risk_Assessment_AI_N_Task" time="0.0" classname="nsf.ecap.Non_Food_Compounds_suite.NFC_ExistingNew_Draft_Complete">
    <skipped/>
  </testcase> <!-- Risk_Assessment_AI_N_Task -->
  <testcase name="Scope_Validation_Task" time="0.0" classname="nsf.ecap.Non_Food_Compounds_suite.NFC_ExistingNew_Draft_Complete">
    <skipped/>
  </testcase> <!-- Scope_Validation_Task -->
  <testcase name="SampleSelectionTask" time="0.0" classname="nsf.ecap.Non_Food_Compounds_suite.NFC_ExistingNew_Draft_Complete">
    <skipped/>
  </testcase> <!-- SampleSelectionTask -->
  <testcase name="Certification_Decision_Task" time="0.0" classname="nsf.ecap.Non_Food_Compounds_suite.NFC_ExistingNew_Draft_Complete">
    <skipped/>
  </testcase> <!-- Certification_Decision_Task -->
  <testcase name="Verify_INPROCESS_to_COMPLETE_Automatically" time="0.0" classname="nsf.ecap.Non_Food_Compounds_suite.NFC_ExistingNew_Draft_Complete">
    <skipped/>
  </testcase> <!-- Verify_INPROCESS_to_COMPLETE_Automatically -->
  <testcase name="Verify_InvoiceInFinancialTab" time="0.0" classname="nsf.ecap.Non_Food_Compounds_suite.NFC_ExistingNew_Draft_Complete">
    <skipped/>
  </testcase> <!-- Verify_InvoiceInFinancialTab -->
  <testcase name="CLEANUP_WO_AUTOMATION_DATA" time="0.0" classname="nsf.ecap.Non_Food_Compounds_suite.NFC_ExistingNew_Draft_Complete">
    <skipped/>
  </testcase> <!-- CLEANUP_WO_AUTOMATION_DATA -->
</testsuite> <!-- [BS-01]  NFC_ExistingNew_Draft_Complete -->
