<?xml version="1.0" encoding="UTF-8"?>
<!-- Generated by org.testng.reporters.JUnitXMLReporter -->
<testsuite hostname="INDEL-L-4B3JDM3" ignored="0" name=" [BS-03]  Proposal_RequoteWon" tests="4" failures="0" timestamp="2022-06-23T17:11:34 IST" time="0.016" errors="0">
  <testcase name="@BeforeTest checkTestSkip" time="-1.655984493984E9" classname="nsf.ecap.Proposals_suite.Proposal_RequoteWon">
    <skipped/>
  </testcase> <!-- @BeforeTest checkTestSkip -->
  <testcase name="@AfterMethod reportDataSetResult" time="-1.655984493991E9" classname="nsf.ecap.Proposals_suite.Proposal_RequoteWon">
    <skipped/>
  </testcase> <!-- @AfterMethod reportDataSetResult -->
  <testcase name="@AfterMethod reportDataSetResult" time="-1.655984493993E9" classname="nsf.ecap.Proposals_suite.Proposal_RequoteWon">
    <skipped/>
  </testcase> <!-- @AfterMethod reportDataSetResult -->
  <testcase name="@AfterMethod reportDataSetResult" time="-1.655984493995E9" classname="nsf.ecap.Proposals_suite.Proposal_RequoteWon">
    <skipped/>
  </testcase> <!-- @AfterMethod reportDataSetResult -->
  <testcase name="@AfterMethod reportDataSetResult" time="-1.655984493998E9" classname="nsf.ecap.Proposals_suite.Proposal_RequoteWon">
    <skipped/>
  </testcase> <!-- @AfterMethod reportDataSetResult -->
  <testcase name="@AfterTest closebrowser" time="-1.655984493999E9" classname="nsf.ecap.Proposals_suite.Proposal_RequoteWon">
    <skipped/>
  </testcase> <!-- @AfterTest closebrowser -->
  <testcase name="@AfterTest reportTestResult" time="-1.655984494E9" classname="nsf.ecap.Proposals_suite.Proposal_RequoteWon">
    <skipped/>
  </testcase> <!-- @AfterTest reportTestResult -->
  <testcase name="Proposal_flow" time="0.0" classname="nsf.ecap.Proposals_suite.Proposal_RequoteWon">
    <skipped/>
  </testcase> <!-- Proposal_flow -->
  <testcase name="Proposal_flow" time="0.0" classname="nsf.ecap.Proposals_suite.Proposal_RequoteWon">
    <skipped/>
  </testcase> <!-- Proposal_flow -->
  <testcase name="Proposal_flow" time="0.0" classname="nsf.ecap.Proposals_suite.Proposal_RequoteWon">
    <skipped/>
  </testcase> <!-- Proposal_flow -->
  <testcase name="Proposal_flow" time="0.0" classname="nsf.ecap.Proposals_suite.Proposal_RequoteWon">
    <skipped/>
  </testcase> <!-- Proposal_flow -->
</testsuite> <!--  [BS-03]  Proposal_RequoteWon -->
