<?xml version="1.0" encoding="UTF-8"?>
<!-- Generated by org.testng.reporters.JUnitXMLReporter -->
<testsuite hostname="INDEL-L-4B3JDM3" ignored="0" name=" [BS-02]  Proposal_Lost" tests="1" failures="0" timestamp="2022-06-23T17:11:33 IST" time="0.01" errors="0">
  <testcase name="@BeforeTest checkTestSkip" time="-1.655984493966E9" classname="nsf.ecap.Proposals_suite.Proposal_Lost">
    <skipped/>
  </testcase> <!-- @BeforeTest checkTestSkip -->
  <testcase name="@AfterMethod reportDataSetResult" time="-1.65598449397E9" classname="nsf.ecap.Proposals_suite.Proposal_Lost">
    <skipped/>
  </testcase> <!-- @AfterMethod reportDataSetResult -->
  <testcase name="@AfterTest closebrowser" time="-1.655984493972E9" classname="nsf.ecap.Proposals_suite.Proposal_Lost">
    <skipped/>
  </testcase> <!-- @AfterTest closebrowser -->
  <testcase name="@AfterTest reportTestResult" time="-1.655984493973E9" classname="nsf.ecap.Proposals_suite.Proposal_Lost">
    <skipped/>
  </testcase> <!-- @AfterTest reportTestResult -->
  <testcase name="Proposal_flow" time="0.0" classname="nsf.ecap.Proposals_suite.Proposal_Lost">
    <skipped/>
  </testcase> <!-- Proposal_flow -->
</testsuite> <!--  [BS-02]  Proposal_Lost -->
