<?xml version="1.0" encoding="UTF-8"?>
<!-- Generated by org.testng.reporters.JUnitReportReporter -->
<testsuite skipped="1" hostname="INDEL-L-4B3JDM3" name="nsf.ecap.Test_Plan_suite.Create_Test_Plan" tests="1" failures="0" timestamp="2022-07-25T13:56:13 IST" time="0.000" errors="0">
  <testcase name="CreateTestPlanFlow" time="0.000" classname="nsf.ecap.Test_Plan_suite.Create_Test_Plan">
    <skipped/>
  </testcase> <!-- CreateTestPlanFlow -->
  <system-out/>
</testsuite> <!-- nsf.ecap.Test_Plan_suite.Create_Test_Plan -->
