<?xml version="1.0" encoding="UTF-8"?>
<!-- Generated by org.testng.reporters.JUnitReportReporter -->
<testsuite skipped="2" hostname="INDEL-L-4B3JDM3" name="nsf.ecap.Client_Suite.SearchClient" tests="2" failures="0" timestamp="2022-07-25T13:56:14 IST" time="0.000" errors="0">
  <testcase name="Search_Edit_and_Update_Client_For_" time="0.000" classname="nsf.ecap.Client_Suite.SearchClient">
    <skipped/>
  </testcase> <!-- Search_Edit_and_Update_Client_For_ -->
  <system-out/>
  <testcase name="Search_Edit_and_Update_Client_For_" time="0.000" classname="nsf.ecap.Client_Suite.SearchClient">
    <skipped/>
  </testcase> <!-- Search_Edit_and_Update_Client_For_ -->
  <system-out/>
</testsuite> <!-- nsf.ecap.Client_Suite.SearchClient -->
