<?xml version="1.0" encoding="UTF-8"?>
<!-- Generated by org.testng.reporters.JUnitReportReporter -->
<testsuite skipped="12" hostname="INDEL-L-4B3JDM3" name="nsf.ecap.IssueMgt_Suite.CloseEscalation_Messages" tests="12" failures="0" timestamp="2022-07-25T13:56:14 IST" time="0.000" errors="0">
  <testcase name="Launch_Browser_and_Successfully_Login_into_the_Application" time="0.000" classname="nsf.ecap.IssueMgt_Suite.CloseEscalation_Messages">
    <skipped/>
  </testcase> <!-- Launch_Browser_and_Successfully_Login_into_the_Application -->
  <system-out/>
  <testcase name="CloseEscalationMsg_FirstIssue_Green" time="0.000" classname="nsf.ecap.IssueMgt_Suite.CloseEscalation_Messages">
    <skipped/>
  </testcase> <!-- CloseEscalationMsg_FirstIssue_Green -->
  <system-out/>
  <testcase name="CloseEscalationMsg_SecondIssue_Amber" time="0.000" classname="nsf.ecap.IssueMgt_Suite.CloseEscalation_Messages">
    <skipped/>
  </testcase> <!-- CloseEscalationMsg_SecondIssue_Amber -->
  <system-out/>
  <testcase name="CloseEscalationMsg_ThirdIssue_Red" time="0.000" classname="nsf.ecap.IssueMgt_Suite.CloseEscalation_Messages">
    <skipped/>
  </testcase> <!-- CloseEscalationMsg_ThirdIssue_Red -->
  <system-out/>
  <testcase name="CloseEscalationMsg_Generated_With_3_Issues" time="0.000" classname="nsf.ecap.IssueMgt_Suite.CloseEscalation_Messages">
    <skipped/>
  </testcase> <!-- CloseEscalationMsg_Generated_With_3_Issues -->
  <system-out/>
  <testcase name="CloseEscalationMsg_CloseFirstIssue_andthen_ChangeIssueSubType_Verify_Escalation_Dismantled_and_IssueColors" time="0.000" classname="nsf.ecap.IssueMgt_Suite.CloseEscalation_Messages">
    <skipped/>
  </testcase> <!-- CloseEscalationMsg_CloseFirstIssue_andthen_ChangeIssueSubType_Verify_Escalation_Dismantled_and_IssueColors -->
  <system-out/>
  <testcase name="CloseEscalationMsg_EditFirstIssueAgain_ChangeIssueSubType_BacktoOriginal_Verify_NewEscalationId" time="0.000" classname="nsf.ecap.IssueMgt_Suite.CloseEscalation_Messages">
    <skipped/>
  </testcase> <!-- CloseEscalationMsg_EditFirstIssueAgain_ChangeIssueSubType_BacktoOriginal_Verify_NewEscalationId -->
  <system-out/>
  <testcase name="CloseEscalationMsg_CloseEscalation_and_Verify_AllIssues_Closed" time="0.000" classname="nsf.ecap.IssueMgt_Suite.CloseEscalation_Messages">
    <skipped/>
  </testcase> <!-- CloseEscalationMsg_CloseEscalation_and_Verify_AllIssues_Closed -->
  <system-out/>
  <testcase name="CloseEscalationMsg_EditSecondIssue_ChangeIssueSubType_WithoutOpenIssue_and_Verify_UpdateMsg" time="0.000" classname="nsf.ecap.IssueMgt_Suite.CloseEscalation_Messages">
    <skipped/>
  </testcase> <!-- CloseEscalationMsg_EditSecondIssue_ChangeIssueSubType_WithoutOpenIssue_and_Verify_UpdateMsg -->
  <system-out/>
  <testcase name="CloseEscalationMsg_ReOpenThirdIssue_ByChangingStatus_and_Verify_UpdateMsg" time="0.000" classname="nsf.ecap.IssueMgt_Suite.CloseEscalation_Messages">
    <skipped/>
  </testcase> <!-- CloseEscalationMsg_ReOpenThirdIssue_ByChangingStatus_and_Verify_UpdateMsg -->
  <system-out/>
  <testcase name="CloseEscalationMsg_Verify_ColorsOfAllIssues_and_EscalationExistsWithTwoIssues" time="0.000" classname="nsf.ecap.IssueMgt_Suite.CloseEscalation_Messages">
    <skipped/>
  </testcase> <!-- CloseEscalationMsg_Verify_ColorsOfAllIssues_and_EscalationExistsWithTwoIssues -->
  <system-out/>
  <testcase name="CloseEscalationMsg_Verify_EscalationAuditTrail_Shows_Removal_of_ReOpenedIssue" time="0.000" classname="nsf.ecap.IssueMgt_Suite.CloseEscalation_Messages">
    <skipped/>
  </testcase> <!-- CloseEscalationMsg_Verify_EscalationAuditTrail_Shows_Removal_of_ReOpenedIssue -->
  <system-out/>
</testsuite> <!-- nsf.ecap.IssueMgt_Suite.CloseEscalation_Messages -->
