<?xml version="1.0" encoding="UTF-8"?>
<!-- Generated by org.testng.reporters.JUnitReportReporter -->
<testsuite skipped="2" hostname="INDEL-L-4B3JDM3" name="nsf.ecap.sustainability_Suite.CreateWOforSustainabilityCampus" tests="2" failures="0" timestamp="2022-07-25T13:56:14 IST" time="0.001" errors="0">
  <testcase name="CreateWOFlow" time="0.000" classname="nsf.ecap.sustainability_Suite.CreateWOforSustainabilityCampus">
    <skipped/>
  </testcase> <!-- CreateWOFlow -->
  <system-out/>
  <testcase name="Standard_Facility_Tab" time="0.001" classname="nsf.ecap.sustainability_Suite.CreateWOforSustainabilityCampus">
    <skipped/>
  </testcase> <!-- Standard_Facility_Tab -->
  <system-out/>
</testsuite> <!-- nsf.ecap.sustainability_Suite.CreateWOforSustainabilityCampus -->
