<?xml version="1.0" encoding="UTF-8"?>
<!-- Generated by org.testng.reporters.JUnitXMLReporter -->
<testsuite hostname="INDEL-L-4B3JDM3" ignored="0" name="[BS-04]  GRASP_scheme" tests="1" failures="0" timestamp="2022-06-23T17:11:46 IST" time="0.002" errors="0">
  <testcase name="@BeforeTest checkTestSkip" time="-1.655984506093E9" classname="nsf.ecap.Agriculture_suite.GRASP_scheme">
    <skipped/>
  </testcase> <!-- @BeforeTest checkTestSkip -->
  <testcase name="@AfterTest reportTestResult" time="-1.655984506093E9" classname="nsf.ecap.Agriculture_suite.GRASP_scheme">
    <skipped/>
  </testcase> <!-- @AfterTest reportTestResult -->
  <testcase name="Create" time="0.0" classname="nsf.ecap.Agriculture_suite.GRASP_scheme">
    <skipped/>
  </testcase> <!-- Create -->
</testsuite> <!-- [BS-04]  GRASP_scheme -->
