<?xml version="1.0" encoding="UTF-8"?>
<!-- Generated by org.testng.reporters.JUnitXMLReporter -->
<testsuite hostname="INDEL-L-4B3JDM3" ignored="0" name=" [BS-03]  ISO9001_Campus" tests="6" failures="0" timestamp="2022-06-23T17:11:40 IST" time="0.005" errors="0">
  <testcase name="@BeforeSuite checkSuiteSkip" time="0.001" classname="nsf.ecap.ISR_suite.TestSuiteBase_ISR_suite">
    <skipped/>
  </testcase> <!-- @BeforeSuite checkSuiteSkip -->
  <testcase name="@BeforeTest checkTestSkip" time="-1.655984500666E9" classname="nsf.ecap.ISR_suite.ISO9001_Campus">
    <skipped/>
  </testcase> <!-- @BeforeTest checkTestSkip -->
  <testcase name="@AfterMethod reportDataSetResult" time="-1.655984500668E9" classname="nsf.ecap.ISR_suite.ISO9001_Campus">
    <skipped/>
  </testcase> <!-- @AfterMethod reportDataSetResult -->
  <testcase name="@AfterTest reportTestResult" time="-1.65598450067E9" classname="nsf.ecap.ISR_suite.ISO9001_Campus">
    <skipped/>
  </testcase> <!-- @AfterTest reportTestResult -->
  <testcase name="CreateWOFlow" time="0.0" classname="nsf.ecap.ISR_suite.ISO9001_Campus">
    <skipped/>
  </testcase> <!-- CreateWOFlow -->
  <testcase name="Standard_Facility_Tab" time="0.0" classname="nsf.ecap.ISR_suite.ISO9001_Campus">
    <skipped/>
  </testcase> <!-- Standard_Facility_Tab -->
  <testcase name="Associate_SingleToCampus" time="0.0" classname="nsf.ecap.ISR_suite.ISO9001_Campus">
    <skipped/>
  </testcase> <!-- Associate_SingleToCampus -->
  <testcase name="MoveToInReview_Campus" time="0.0" classname="nsf.ecap.ISR_suite.ISO9001_Campus">
    <skipped/>
  </testcase> <!-- MoveToInReview_Campus -->
  <testcase name="MoveToInProcess_Campus" time="0.0" classname="nsf.ecap.ISR_suite.ISO9001_Campus">
    <skipped/>
  </testcase> <!-- MoveToInProcess_Campus -->
  <testcase name="CLEANUP_WO_AUTOMATION_DATA" time="0.0" classname="nsf.ecap.ISR_suite.ISO9001_Campus">
    <skipped/>
  </testcase> <!-- CLEANUP_WO_AUTOMATION_DATA -->
</testsuite> <!--  [BS-03]  ISO9001_Campus -->
