<?xml version="1.0" encoding="UTF-8"?>
<!-- Generated by org.testng.reporters.JUnitXMLReporter -->
<testsuite hostname="INDEL-L-4B3JDM3" ignored="0" name=" [BS-01]  ISO9001_Single" tests="6" failures="0" timestamp="2022-06-23T17:11:40 IST" time="0.003" errors="0">
  <testcase name="@BeforeTest checkTestSkip" time="-1.655984500645E9" classname="nsf.ecap.ISR_suite.ISO9001_Single">
    <skipped/>
  </testcase> <!-- @BeforeTest checkTestSkip -->
  <testcase name="@AfterMethod reportDataSetResult" time="-1.655984500646E9" classname="nsf.ecap.ISR_suite.ISO9001_Single">
    <skipped/>
  </testcase> <!-- @AfterMethod reportDataSetResult -->
  <testcase name="@AfterTest reportTestResult" time="-1.655984500647E9" classname="nsf.ecap.ISR_suite.ISO9001_Single">
    <skipped/>
  </testcase> <!-- @AfterTest reportTestResult -->
  <testcase name="CreateWOFlow" time="0.0" classname="nsf.ecap.ISR_suite.ISO9001_Single">
    <skipped/>
  </testcase> <!-- CreateWOFlow -->
  <testcase name="Standard_Facility_Tab" time="0.0" classname="nsf.ecap.ISR_suite.ISO9001_Single">
    <skipped/>
  </testcase> <!-- Standard_Facility_Tab -->
  <testcase name="Financial_Tab_And_InReviewToInProcess" time="0.0" classname="nsf.ecap.ISR_suite.ISO9001_Single">
    <skipped/>
  </testcase> <!-- Financial_Tab_And_InReviewToInProcess -->
  <testcase name="DeskAuditTask" time="0.0" classname="nsf.ecap.ISR_suite.ISO9001_Single">
    <skipped/>
  </testcase> <!-- DeskAuditTask -->
  <testcase name="CertAuditTask" time="0.0" classname="nsf.ecap.ISR_suite.ISO9001_Single">
    <skipped/>
  </testcase> <!-- CertAuditTask -->
  <testcase name="CLEANUP_WO_AUTOMATION_DATA" time="0.0" classname="nsf.ecap.ISR_suite.ISO9001_Single">
    <skipped/>
  </testcase> <!-- CLEANUP_WO_AUTOMATION_DATA -->
</testsuite> <!--  [BS-01]  ISO9001_Single -->
