<?xml version="1.0" encoding="UTF-8"?>
<!-- Generated by org.testng.reporters.JUnitXMLReporter -->
<testsuite hostname="INDEL-L-4B3JDM3" ignored="0" name=" [BS-02]  Exp_Allocation" tests="3" failures="0" timestamp="2022-07-25T13:48:42 IST" time="0.002" errors="0">
  <testcase name="@BeforeSuite checkSuiteSkip" time="0.002" classname="nsf.ecap.Invoice_Function_suite.TestSuiteBase_Invoice_Function_suite">
    <skipped/>
  </testcase> <!-- @BeforeSuite checkSuiteSkip -->
  <testcase name="@BeforeTest checkTestSkip" time="-1.658737122282E9" classname="nsf.ecap.Invoice_Function_suite.Exp_Allocation">
    <skipped/>
  </testcase> <!-- @BeforeTest checkTestSkip -->
  <testcase name="@AfterMethod reportDataSetResult" time="-1.658737122284E9" classname="nsf.ecap.Invoice_Function_suite.Exp_Allocation">
    <skipped/>
  </testcase> <!-- @AfterMethod reportDataSetResult -->
  <testcase name="@AfterMethod reportDataSetResult" time="-1.658737122284E9" classname="nsf.ecap.Invoice_Function_suite.Exp_Allocation">
    <skipped/>
  </testcase> <!-- @AfterMethod reportDataSetResult -->
  <testcase name="@AfterMethod reportDataSetResult" time="-1.658737122284E9" classname="nsf.ecap.Invoice_Function_suite.Exp_Allocation">
    <skipped/>
  </testcase> <!-- @AfterMethod reportDataSetResult -->
  <testcase name="@AfterTest reportTestResult" time="-1.658737122284E9" classname="nsf.ecap.Invoice_Function_suite.Exp_Allocation">
    <skipped/>
  </testcase> <!-- @AfterTest reportTestResult -->
  <testcase name="Exp_AllocationFlow" time="0.0" classname="nsf.ecap.Invoice_Function_suite.Exp_Allocation">
    <skipped/>
  </testcase> <!-- Exp_AllocationFlow -->
  <testcase name="Exp_AllocationFlow" time="0.0" classname="nsf.ecap.Invoice_Function_suite.Exp_Allocation">
    <skipped/>
  </testcase> <!-- Exp_AllocationFlow -->
  <testcase name="Exp_AllocationFlow" time="0.0" classname="nsf.ecap.Invoice_Function_suite.Exp_Allocation">
    <skipped/>
  </testcase> <!-- Exp_AllocationFlow -->
</testsuite> <!--  [BS-02]  Exp_Allocation -->
