<?xml version="1.0" encoding="UTF-8"?>
<!-- Generated by org.testng.reporters.JUnitReportReporter -->
<testsuite skipped="32" hostname="INDEL-L-4B3JDM3" name="nsf.ecap.Work_Order_suite.NN_Complete_With_Fac_N_BatchJob" tests="32" failures="0" timestamp="2022-06-16T10:13:55 IST" time="0.000" errors="0">
  <testcase name="CreateWOFlow" time="0.000" classname="nsf.ecap.Work_Order_suite.NN_Complete_With_Fac_N_BatchJob">
    <skipped/>
  </testcase> <!-- CreateWOFlow -->
  <system-out/>
  <testcase name="Check_alert_DRAFT_Status_N_AssignedWithTaskSetupIncomplete" time="0.000" classname="nsf.ecap.Work_Order_suite.NN_Complete_With_Fac_N_BatchJob">
    <skipped/>
  </testcase> <!-- Check_alert_DRAFT_Status_N_AssignedWithTaskSetupIncomplete -->
  <system-out/>
  <testcase name="AddingData__Facility_Tab" time="0.000" classname="nsf.ecap.Work_Order_suite.NN_Complete_With_Fac_N_BatchJob">
    <skipped/>
  </testcase> <!-- AddingData__Facility_Tab -->
  <system-out/>
  <testcase name="AddingData__Tasks_Tab" time="0.000" classname="nsf.ecap.Work_Order_suite.NN_Complete_With_Fac_N_BatchJob">
    <skipped/>
  </testcase> <!-- AddingData__Tasks_Tab -->
  <system-out/>
  <testcase name="AddingData__Products_Tab" time="0.000" classname="nsf.ecap.Work_Order_suite.NN_Complete_With_Fac_N_BatchJob">
    <skipped/>
  </testcase> <!-- AddingData__Products_Tab -->
  <system-out/>
  <testcase name="AddingData__Documents_Tab" time="0.000" classname="nsf.ecap.Work_Order_suite.NN_Complete_With_Fac_N_BatchJob">
    <skipped/>
  </testcase> <!-- AddingData__Documents_Tab -->
  <system-out/>
  <testcase name="AddingData__Financials_Tab" time="0.000" classname="nsf.ecap.Work_Order_suite.NN_Complete_With_Fac_N_BatchJob">
    <skipped/>
  </testcase> <!-- AddingData__Financials_Tab -->
  <system-out/>
  <testcase name="InsertValueForTR_LER_PER_QC" time="0.000" classname="nsf.ecap.Work_Order_suite.NN_Complete_With_Fac_N_BatchJob">
    <skipped/>
  </testcase> <!-- InsertValueForTR_LER_PER_QC -->
  <system-out/>
  <testcase name="Verifying__ActionItems_Tab" time="0.000" classname="nsf.ecap.Work_Order_suite.NN_Complete_With_Fac_N_BatchJob">
    <skipped/>
  </testcase> <!-- Verifying__ActionItems_Tab -->
  <system-out/>
  <testcase name="Check_RemoveAlert_AssignedWithTaskSetupIncomplete" time="0.000" classname="nsf.ecap.Work_Order_suite.NN_Complete_With_Fac_N_BatchJob">
    <skipped/>
  </testcase> <!-- Check_RemoveAlert_AssignedWithTaskSetupIncomplete -->
  <system-out/>
  <testcase name="Verifying__DRAFT_INREVIEW" time="0.000" classname="nsf.ecap.Work_Order_suite.NN_Complete_With_Fac_N_BatchJob">
    <skipped/>
  </testcase> <!-- Verifying__DRAFT_INREVIEW -->
  <system-out/>
  <testcase name="Check_alerts_DRAFT_INREVIEW" time="0.000" classname="nsf.ecap.Work_Order_suite.NN_Complete_With_Fac_N_BatchJob">
    <skipped/>
  </testcase> <!-- Check_alerts_DRAFT_INREVIEW -->
  <system-out/>
  <testcase name="Client_App_Review_Task" time="0.000" classname="nsf.ecap.Work_Order_suite.NN_Complete_With_Fac_N_BatchJob">
    <skipped/>
  </testcase> <!-- Client_App_Review_Task -->
  <system-out/>
  <testcase name="Check_RemoveAlert_Client_App_Review_Task" time="0.000" classname="nsf.ecap.Work_Order_suite.NN_Complete_With_Fac_N_BatchJob">
    <skipped/>
  </testcase> <!-- Check_RemoveAlert_Client_App_Review_Task -->
  <system-out/>
  <testcase name="Scope_Validation_Task" time="0.000" classname="nsf.ecap.Work_Order_suite.NN_Complete_With_Fac_N_BatchJob">
    <skipped/>
  </testcase> <!-- Scope_Validation_Task -->
  <system-out/>
  <testcase name="VerifySampleSelectionReviewer" time="0.000" classname="nsf.ecap.Work_Order_suite.NN_Complete_With_Fac_N_BatchJob">
    <skipped/>
  </testcase> <!-- VerifySampleSelectionReviewer -->
  <system-out/>
  <testcase name="VerifyStatus_InReview_To_InProcess_N_checkAlerts" time="0.000" classname="nsf.ecap.Work_Order_suite.NN_Complete_With_Fac_N_BatchJob">
    <skipped/>
  </testcase> <!-- VerifyStatus_InReview_To_InProcess_N_checkAlerts -->
  <system-out/>
  <testcase name="Supplier_Forms_task" time="0.000" classname="nsf.ecap.Work_Order_suite.NN_Complete_With_Fac_N_BatchJob">
    <skipped/>
  </testcase> <!-- Supplier_Forms_task -->
  <system-out/>
  <testcase name="Verify_Supplier_Forms_Task_Alerts" time="0.000" classname="nsf.ecap.Work_Order_suite.NN_Complete_With_Fac_N_BatchJob">
    <skipped/>
  </testcase> <!-- Verify_Supplier_Forms_Task_Alerts -->
  <system-out/>
  <testcase name="RestartBrowserNLogin1" time="0.000" classname="nsf.ecap.Work_Order_suite.NN_Complete_With_Fac_N_BatchJob">
    <skipped/>
  </testcase> <!-- RestartBrowserNLogin1 -->
  <system-out/>
  <testcase name="Sample_Selection_Process_N_CheckAlerts" time="0.000" classname="nsf.ecap.Work_Order_suite.NN_Complete_With_Fac_N_BatchJob">
    <skipped/>
  </testcase> <!-- Sample_Selection_Process_N_CheckAlerts -->
  <system-out/>
  <testcase name="RestartBrowserNLogin2" time="0.000" classname="nsf.ecap.Work_Order_suite.NN_Complete_With_Fac_N_BatchJob">
    <skipped/>
  </testcase> <!-- RestartBrowserNLogin2 -->
  <system-out/>
  <testcase name="VerifyPhyEvalReviewer" time="0.000" classname="nsf.ecap.Work_Order_suite.NN_Complete_With_Fac_N_BatchJob">
    <skipped/>
  </testcase> <!-- VerifyPhyEvalReviewer -->
  <system-out/>
  <testcase name="Literature_Eval" time="0.000" classname="nsf.ecap.Work_Order_suite.NN_Complete_With_Fac_N_BatchJob">
    <skipped/>
  </testcase> <!-- Literature_Eval -->
  <system-out/>
  <testcase name="RestartBrowserNLogin3" time="0.000" classname="nsf.ecap.Work_Order_suite.NN_Complete_With_Fac_N_BatchJob">
    <skipped/>
  </testcase> <!-- RestartBrowserNLogin3 -->
  <system-out/>
  <testcase name="Physical_Eval_With_Alerts" time="0.000" classname="nsf.ecap.Work_Order_suite.NN_Complete_With_Fac_N_BatchJob">
    <skipped/>
  </testcase> <!-- Physical_Eval_With_Alerts -->
  <system-out/>
  <testcase name="RestartBrowserNLogin4" time="0.000" classname="nsf.ecap.Work_Order_suite.NN_Complete_With_Fac_N_BatchJob">
    <skipped/>
  </testcase> <!-- RestartBrowserNLogin4 -->
  <system-out/>
  <testcase name="Facility_audit_Task" time="0.000" classname="nsf.ecap.Work_Order_suite.NN_Complete_With_Fac_N_BatchJob">
    <skipped/>
  </testcase> <!-- Facility_audit_Task -->
  <system-out/>
  <testcase name="RestartBrowserNLogin5" time="0.000" classname="nsf.ecap.Work_Order_suite.NN_Complete_With_Fac_N_BatchJob">
    <skipped/>
  </testcase> <!-- RestartBrowserNLogin5 -->
  <system-out/>
  <testcase name="Certification_Decision_Task" time="0.000" classname="nsf.ecap.Work_Order_suite.NN_Complete_With_Fac_N_BatchJob">
    <skipped/>
  </testcase> <!-- Certification_Decision_Task -->
  <system-out/>
  <testcase name="Verify_INPROCESS_to_COMPLETE_Automatically" time="0.000" classname="nsf.ecap.Work_Order_suite.NN_Complete_With_Fac_N_BatchJob">
    <skipped/>
  </testcase> <!-- Verify_INPROCESS_to_COMPLETE_Automatically -->
  <system-out/>
  <testcase name="CLEANUP_WO_AUTOMATION_DATA" time="0.000" classname="nsf.ecap.Work_Order_suite.NN_Complete_With_Fac_N_BatchJob">
    <skipped/>
  </testcase> <!-- CLEANUP_WO_AUTOMATION_DATA -->
  <system-out/>
</testsuite> <!-- nsf.ecap.Work_Order_suite.NN_Complete_With_Fac_N_BatchJob -->
