<?xml version="1.0" encoding="UTF-8"?>
<!-- Generated by org.testng.reporters.JUnitReportReporter -->
<testsuite skipped="1" hostname="INDEL-L-4B3JDM3" name="nsf.ecap.Generic_suite.Uploading_Downloading_Docs" tests="1" failures="0" timestamp="2022-06-16T10:13:55 IST" time="0.000" errors="0">
  <testcase name="UploadDownloadFlow" time="0.000" classname="nsf.ecap.Generic_suite.Uploading_Downloading_Docs">
    <skipped/>
  </testcase> <!-- UploadDownloadFlow -->
  <system-out/>
</testsuite> <!-- nsf.ecap.Generic_suite.Uploading_Downloading_Docs -->
