<?xml version="1.0" encoding="UTF-8"?>
<!-- Generated by org.testng.reporters.JUnitXMLReporter -->
<testsuite hostname="INDEL-L-4B3JDM3" ignored="0" name="[BS-16]  Close Escalation Messages" tests="12" failures="0" timestamp="2022-06-16T10:11:19 IST" time="0.005" errors="0">
  <testcase name="@BeforeTest checkTestSkip" time="-1.655354479977E9" classname="nsf.ecap.IssueMgt_Suite.CloseEscalation_Messages">
    <skipped/>
  </testcase> <!-- @BeforeTest checkTestSkip -->
  <testcase name="@BeforeClass OracleQueryLaunch_ToClosed_OpenIssues_and_InActiveAlerts" time="-1.655354479978E9" classname="nsf.ecap.IssueMgt_Suite.CloseEscalation_Messages">
    <skipped/>
  </testcase> <!-- @BeforeClass OracleQueryLaunch_ToClosed_OpenIssues_and_InActiveAlerts -->
  <testcase name="@AfterTest Test_success" time="-1.655354479981E9" classname="nsf.ecap.IssueMgt_Suite.CloseEscalation_Messages">
    <skipped/>
  </testcase> <!-- @AfterTest Test_success -->
  <testcase name="@AfterTest reportTestResult" time="-1.655354479981E9" classname="nsf.ecap.IssueMgt_Suite.CloseEscalation_Messages">
    <skipped/>
  </testcase> <!-- @AfterTest reportTestResult -->
  <testcase name="Launch_Browser_and_Successfully_Login_into_the_Application" time="0.0" classname="nsf.ecap.IssueMgt_Suite.CloseEscalation_Messages">
    <skipped/>
  </testcase> <!-- Launch_Browser_and_Successfully_Login_into_the_Application -->
  <testcase name="CloseEscalationMsg_FirstIssue_Green" time="0.0" classname="nsf.ecap.IssueMgt_Suite.CloseEscalation_Messages">
    <skipped/>
  </testcase> <!-- CloseEscalationMsg_FirstIssue_Green -->
  <testcase name="CloseEscalationMsg_SecondIssue_Amber" time="0.0" classname="nsf.ecap.IssueMgt_Suite.CloseEscalation_Messages">
    <skipped/>
  </testcase> <!-- CloseEscalationMsg_SecondIssue_Amber -->
  <testcase name="CloseEscalationMsg_ThirdIssue_Red" time="0.0" classname="nsf.ecap.IssueMgt_Suite.CloseEscalation_Messages">
    <skipped/>
  </testcase> <!-- CloseEscalationMsg_ThirdIssue_Red -->
  <testcase name="CloseEscalationMsg_Generated_With_3_Issues" time="0.0" classname="nsf.ecap.IssueMgt_Suite.CloseEscalation_Messages">
    <skipped/>
  </testcase> <!-- CloseEscalationMsg_Generated_With_3_Issues -->
  <testcase name="CloseEscalationMsg_CloseFirstIssue_andthen_ChangeIssueSubType_Verify_Escalation_Dismantled_and_IssueColors" time="0.0" classname="nsf.ecap.IssueMgt_Suite.CloseEscalation_Messages">
    <skipped/>
  </testcase> <!-- CloseEscalationMsg_CloseFirstIssue_andthen_ChangeIssueSubType_Verify_Escalation_Dismantled_and_IssueColors -->
  <testcase name="CloseEscalationMsg_EditFirstIssueAgain_ChangeIssueSubType_BacktoOriginal_Verify_NewEscalationId" time="0.0" classname="nsf.ecap.IssueMgt_Suite.CloseEscalation_Messages">
    <skipped/>
  </testcase> <!-- CloseEscalationMsg_EditFirstIssueAgain_ChangeIssueSubType_BacktoOriginal_Verify_NewEscalationId -->
  <testcase name="CloseEscalationMsg_CloseEscalation_and_Verify_AllIssues_Closed" time="0.0" classname="nsf.ecap.IssueMgt_Suite.CloseEscalation_Messages">
    <skipped/>
  </testcase> <!-- CloseEscalationMsg_CloseEscalation_and_Verify_AllIssues_Closed -->
  <testcase name="CloseEscalationMsg_EditSecondIssue_ChangeIssueSubType_WithoutOpenIssue_and_Verify_UpdateMsg" time="0.0" classname="nsf.ecap.IssueMgt_Suite.CloseEscalation_Messages">
    <skipped/>
  </testcase> <!-- CloseEscalationMsg_EditSecondIssue_ChangeIssueSubType_WithoutOpenIssue_and_Verify_UpdateMsg -->
  <testcase name="CloseEscalationMsg_ReOpenThirdIssue_ByChangingStatus_and_Verify_UpdateMsg" time="0.0" classname="nsf.ecap.IssueMgt_Suite.CloseEscalation_Messages">
    <skipped/>
  </testcase> <!-- CloseEscalationMsg_ReOpenThirdIssue_ByChangingStatus_and_Verify_UpdateMsg -->
  <testcase name="CloseEscalationMsg_Verify_ColorsOfAllIssues_and_EscalationExistsWithTwoIssues" time="0.0" classname="nsf.ecap.IssueMgt_Suite.CloseEscalation_Messages">
    <skipped/>
  </testcase> <!-- CloseEscalationMsg_Verify_ColorsOfAllIssues_and_EscalationExistsWithTwoIssues -->
  <testcase name="CloseEscalationMsg_Verify_EscalationAuditTrail_Shows_Removal_of_ReOpenedIssue" time="0.0" classname="nsf.ecap.IssueMgt_Suite.CloseEscalation_Messages">
    <skipped/>
  </testcase> <!-- CloseEscalationMsg_Verify_EscalationAuditTrail_Shows_Removal_of_ReOpenedIssue -->
</testsuite> <!-- [BS-16]  Close Escalation Messages -->
